{"logTime": "0311/204441", "correlationVector":"+h4aNSqs5wtT89/33Xk9x7.121","action":"GetUpdates", "result":"DeleteReceived", "context":{"id":"9d890aac-1647-42d7-b7a6-187353626953", "isDeleted:":"true", "version":"1677534371222"}}
{"logTime": "0311/204441", "correlationVector":"+h4aNSqs5wtT89/33Xk9x7.122","action":"GetUpdates", "result":"DeleteReceived", "context":{"id":"6bf67246-876b-4bac-b289-e02ef36704a1", "isDeleted:":"true", "version":"1677562426107"}}
{"logTime": "0311/204441", "correlationVector":"+h4aNSqs5wtT89/33Xk9x7.123","action":"GetUpdates", "result":"DeleteReceived", "context":{"id":"326f7b76-aa05-4e01-bf1b-ea0b2402501f", "isDeleted:":"true", "version":"1677562426108"}}
{"logTime": "0311/204441", "correlationVector":"+h4aNSqs5wtT89/33Xk9x7.124","action":"GetUpdates", "result":"DeleteReceived", "context":{"id":"7e175925-3b18-416a-a7ec-013cc0d840ca", "isDeleted:":"true", "version":"1677562426109"}}
{"logTime": "0311/204441", "correlationVector":"+h4aNSqs5wtT89/33Xk9x7.125","action":"GetUpdates", "result":"DeleteReceived", "context":{"id":"865f43c3-e171-461a-9b12-a8ddd5507d4f", "isDeleted:":"true", "version":"1677562426110"}}
{"logTime": "0311/204441", "correlationVector":"+h4aNSqs5wtT89/33Xk9x7.126","action":"GetUpdates", "result":"DeleteReceived", "context":{"id":"3346c078-a3ce-4a95-8166-812cc8a984fc", "isDeleted:":"true", "version":"1677562426111"}}
{"logTime": "0311/204441", "correlationVector":"+h4aNSqs5wtT89/33Xk9x7.127","action":"GetUpdates", "result":"DeleteReceived", "context":{"id":"97d0b2b2-2fe2-44eb-a948-18dbbba15f2b", "isDeleted:":"true", "version":"1677562426113"}}
{"logTime": "0311/204441", "correlationVector":"+h4aNSqs5wtT89/33Xk9x7.128","action":"GetUpdates", "result":"DeleteReceived", "context":{"id":"b210f307-20c5-45a6-a224-c76cae9cf992", "isDeleted:":"true", "version":"1677562426117"}}
{"logTime": "0311/204441", "correlationVector":"+h4aNSqs5wtT89/33Xk9x7.129","action":"GetUpdates", "result":"DeleteReceived", "context":{"id":"cfd620ff-a0de-480f-963c-99416bdecf39", "isDeleted:":"true", "version":"1677562501476"}}
{"logTime": "0311/204441", "correlationVector":"+h4aNSqs5wtT89/33Xk9x7.130","action":"GetUpdates", "result":"DeleteReceived", "context":{"id":"9560e82e-ee7c-41e9-8ed8-e95e1e2f5ec4", "isDeleted:":"true", "version":"1677562501477"}}
{"logTime": "0311/204441", "correlationVector":"+h4aNSqs5wtT89/33Xk9x7.131","action":"GetUpdates", "result":"DeleteReceived", "context":{"id":"677972c7-c1b2-4725-b81b-21ab24a78021", "isDeleted:":"true", "version":"1677562501478"}}
{"logTime": "0311/204441", "correlationVector":"+h4aNSqs5wtT89/33Xk9x7.132","action":"GetUpdates", "result":"DeleteReceived", "context":{"id":"2d3bffc4-b2ba-4c26-b38a-9eca9137ad80", "isDeleted:":"true", "version":"1677562581784"}}
{"logTime": "0311/204441", "correlationVector":"+h4aNSqs5wtT89/33Xk9x7.133","action":"GetUpdates", "result":"DeleteReceived", "context":{"id":"1bfd54d2-9e16-44e4-8927-13fb8ad63ca0", "isDeleted:":"true", "version":"1677563754262"}}
{"logTime": "0311/204441", "correlationVector":"+h4aNSqs5wtT89/33Xk9x7.134","action":"GetUpdates", "result":"DeleteReceived", "context":{"id":"4bbc02af-c7fe-4c61-9710-f306fd6a2a2a", "isDeleted:":"true", "version":"1677566337785"}}
{"logTime": "0311/204441", "correlationVector":"+h4aNSqs5wtT89/33Xk9x7.135","action":"GetUpdates", "result":"DeleteReceived", "context":{"id":"325ce516-c3e5-4369-a85d-47d1c56f57b0", "isDeleted:":"true", "version":"1677566588975"}}
{"logTime": "0311/204441", "correlationVector":"+h4aNSqs5wtT89/33Xk9x7.136","action":"GetUpdates", "result":"DeleteReceived", "context":{"id":"6a7976cd-f254-4d16-83f3-581dcc0e9e80", "isDeleted:":"true", "version":"1677566851350"}}
{"logTime": "0311/204441", "correlationVector":"+h4aNSqs5wtT89/33Xk9x7.137","action":"GetUpdates", "result":"DeleteReceived", "context":{"id":"c21c0a86-c443-47c4-8b87-077b3a645c3c", "isDeleted:":"true", "version":"1677566851351"}}
{"logTime": "0311/204441", "correlationVector":"+h4aNSqs5wtT89/33Xk9x7.138","action":"GetUpdates", "result":"DeleteReceived", "context":{"id":"f34a3c84-1466-4dde-9a8e-87474043020d", "isDeleted:":"true", "version":"1677566851352"}}
{"logTime": "0311/204441", "correlationVector":"+h4aNSqs5wtT89/33Xk9x7.139","action":"GetUpdates", "result":"DeleteReceived", "context":{"id":"8f3d87c8-5b73-411e-9d8e-b4949872b87c", "isDeleted:":"true", "version":"1677566851353"}}
{"logTime": "0311/204441", "correlationVector":"+h4aNSqs5wtT89/33Xk9x7.140","action":"GetUpdates", "result":"DeleteReceived", "context":{"id":"538d6e67-ca73-4b66-a1c2-cff9655cbf8d", "isDeleted:":"true", "version":"1677566851354"}}
{"logTime": "0311/204441", "correlationVector":"+h4aNSqs5wtT89/33Xk9x7.141","action":"GetUpdates", "result":"DeleteReceived", "context":{"id":"f8acbf18-a214-4cac-aab2-b05fc5a248c1", "isDeleted:":"true", "version":"1677566851357"}}
{"logTime": "0311/204441", "correlationVector":"+h4aNSqs5wtT89/33Xk9x7.142","action":"GetUpdates", "result":"DeleteReceived", "context":{"id":"e3ef1e05-1966-414f-915f-2fda1a3f194e", "isDeleted:":"true", "version":"1677575575937"}}
{"logTime": "0311/204441", "correlationVector":"+h4aNSqs5wtT89/33Xk9x7.143","action":"GetUpdates", "result":"DeleteReceived", "context":{"id":"b88cb3b2-eb7b-4770-bb7a-08ae84e5d6f4", "isDeleted:":"true", "version":"1677575575941"}}
{"logTime": "0311/204441", "correlationVector":"+h4aNSqs5wtT89/33Xk9x7.144","action":"GetUpdates", "result":"DeleteReceived", "context":{"id":"64cf5878-8a7c-4be4-8a3f-f0f666353351", "isDeleted:":"true", "version":"1677575621742"}}
{"logTime": "0311/204441", "correlationVector":"+h4aNSqs5wtT89/33Xk9x7.145","action":"GetUpdates", "result":"DeleteReceived", "context":{"id":"0485577a-9d27-4575-97e1-cde692492929", "isDeleted:":"true", "version":"1677575621743"}}
{"logTime": "0311/204441", "correlationVector":"+h4aNSqs5wtT89/33Xk9x7.146","action":"GetUpdates", "result":"DeleteReceived", "context":{"id":"614d801d-b973-4b00-bfb7-3ecac42775b6", "isDeleted:":"true", "version":"1677575621745"}}
{"logTime": "0311/204441", "correlationVector":"+h4aNSqs5wtT89/33Xk9x7.147","action":"GetUpdates", "result":"DeleteReceived", "context":{"id":"6175ca1f-49fe-4a61-8506-cb93b7e4f327", "isDeleted:":"true", "version":"1677575775211"}}
{"logTime": "0311/204441", "correlationVector":"+h4aNSqs5wtT89/33Xk9x7.148","action":"GetUpdates", "result":"DeleteReceived", "context":{"id":"f4c0cb7f-27a7-40dd-94f4-371faa764a8b", "isDeleted:":"true", "version":"1677575775213"}}
{"logTime": "0311/204441", "correlationVector":"+h4aNSqs5wtT89/33Xk9x7.149","action":"GetUpdates", "result":"DeleteReceived", "context":{"id":"f893b8ec-2dec-4d8c-84d3-d1c21458356c", "isDeleted:":"true", "version":"1677575940907"}}
{"logTime": "0311/204441", "correlationVector":"+h4aNSqs5wtT89/33Xk9x7.150","action":"GetUpdates", "result":"DeleteReceived", "context":{"id":"6bc74ade-f7f2-49f0-9c62-77dc94b4a172", "isDeleted:":"true", "version":"1677576186531"}}
{"logTime": "0311/204441", "correlationVector":"+h4aNSqs5wtT89/33Xk9x7.151","action":"GetUpdates", "result":"DeleteReceived", "context":{"id":"a2119c3d-e74c-4864-b665-377d7ee77db2", "isDeleted:":"true", "version":"1677576186534"}}
{"logTime": "0311/204441", "correlationVector":"+h4aNSqs5wtT89/33Xk9x7.152","action":"GetUpdates", "result":"DeleteReceived", "context":{"id":"7ab28569-e183-433a-aa30-97aa18ed8a2b", "isDeleted:":"true", "version":"1677577885729"}}
{"logTime": "0311/204441", "correlationVector":"+h4aNSqs5wtT89/33Xk9x7.153","action":"GetUpdates", "result":"DeleteReceived", "context":{"id":"1fcb8a5c-7e42-4b70-a84c-753ff9c6b304", "isDeleted:":"true", "version":"1677577885730"}}
{"logTime": "0311/204441", "correlationVector":"+h4aNSqs5wtT89/33Xk9x7.154","action":"GetUpdates", "result":"DeleteReceived", "context":{"id":"f9da8b6e-5bc1-4031-87f5-e8ba10cbe36a", "isDeleted:":"true", "version":"1677577885731"}}
{"logTime": "0311/204441", "correlationVector":"+h4aNSqs5wtT89/33Xk9x7.155","action":"GetUpdates", "result":"DeleteReceived", "context":{"id":"f3affa11-8610-4aa5-9d0c-f3b2de85b341", "isDeleted:":"true", "version":"1677577885732"}}
{"logTime": "0311/204441", "correlationVector":"+h4aNSqs5wtT89/33Xk9x7.156","action":"GetUpdates", "result":"DeleteReceived", "context":{"id":"410e3d4b-d86d-486c-a94a-2eec4b51facf", "isDeleted:":"true", "version":"1677577885737"}}
{"logTime": "0311/204441", "correlationVector":"+h4aNSqs5wtT89/33Xk9x7.157","action":"GetUpdates", "result":"DeleteReceived", "context":{"id":"caa37426-6635-4889-9fda-c5d75820597f", "isDeleted:":"true", "version":"1677577976122"}}
{"logTime": "0311/204441", "correlationVector":"+h4aNSqs5wtT89/33Xk9x7.158","action":"GetUpdates", "result":"DeleteReceived", "context":{"id":"b216dd3b-c520-4664-8841-648641647040", "isDeleted:":"true", "version":"1677578168224"}}
{"logTime": "0311/204441", "correlationVector":"+h4aNSqs5wtT89/33Xk9x7.159","action":"GetUpdates", "result":"DeleteReceived", "context":{"id":"619a4cfc-1b24-4350-b11e-1f9c9c38ba13", "isDeleted:":"true", "version":"1677578168225"}}
{"logTime": "0311/204441", "correlationVector":"+h4aNSqs5wtT89/33Xk9x7.160","action":"GetUpdates", "result":"DeleteReceived", "context":{"id":"7e64fcfe-207c-498f-aa3b-c0684251dcf1", "isDeleted:":"true", "version":"1677578168226"}}
{"logTime": "0311/204441", "correlationVector":"+h4aNSqs5wtT89/33Xk9x7.161","action":"GetUpdates", "result":"DeleteReceived", "context":{"id":"d9f37bd0-6ff5-4e34-a8e3-c4c005c10dd6", "isDeleted:":"true", "version":"1677583510327"}}
{"logTime": "0311/204441", "correlationVector":"+h4aNSqs5wtT89/33Xk9x7.162","action":"GetUpdates", "result":"DeleteReceived", "context":{"id":"22fe58d9-33e7-4798-b751-2a308fb3923f", "isDeleted:":"true", "version":"1677585581847"}}
{"logTime": "0311/204441", "correlationVector":"+h4aNSqs5wtT89/33Xk9x7.163","action":"GetUpdates", "result":"DeleteReceived", "context":{"id":"1891c4ad-3c06-4589-94dd-87df14baadd2", "isDeleted:":"true", "version":"1677585581850"}}
{"logTime": "0311/204441", "correlationVector":"+h4aNSqs5wtT89/33Xk9x7.164","action":"GetUpdates", "result":"DeleteReceived", "context":{"id":"59435e0f-cc14-4b57-bb65-5b0c46bd132e", "isDeleted:":"true", "version":"1677585658053"}}
{"logTime": "0311/204441", "correlationVector":"+h4aNSqs5wtT89/33Xk9x7.165","action":"GetUpdates", "result":"DeleteReceived", "context":{"id":"1a6e5c3a-0f35-4c92-beb5-bcf7c5992f04", "isDeleted:":"true", "version":"1677585689645"}}
{"logTime": "0311/204441", "correlationVector":"+h4aNSqs5wtT89/33Xk9x7.166","action":"GetUpdates", "result":"DeleteReceived", "context":{"id":"525386e1-4f85-442b-8357-d29d82599f74", "isDeleted:":"true", "version":"1677586523737"}}
{"logTime": "0311/204441", "correlationVector":"+h4aNSqs5wtT89/33Xk9x7.167","action":"GetUpdates", "result":"DeleteReceived", "context":{"id":"08b386f3-2cf4-4b0f-88f8-703b19c954f3", "isDeleted:":"true", "version":"1677586523738"}}
{"logTime": "0311/204441", "correlationVector":"+h4aNSqs5wtT89/33Xk9x7.168","action":"GetUpdates", "result":"DeleteReceived", "context":{"id":"7bd2b829-9a67-4579-958b-13960f22230a", "isDeleted:":"true", "version":"1677586554196"}}
{"logTime": "0311/204441", "correlationVector":"+h4aNSqs5wtT89/33Xk9x7.169","action":"GetUpdates", "result":"DeleteReceived", "context":{"id":"680767df-c71b-4816-ada4-c0e7ba632d0f", "isDeleted:":"true", "version":"1677587018193"}}
{"logTime": "0311/204441", "correlationVector":"+h4aNSqs5wtT89/33Xk9x7.170","action":"GetUpdates", "result":"DeleteReceived", "context":{"id":"1fa0f7bd-be03-4131-80a7-ba1e8789ebad", "isDeleted:":"true", "version":"1677587254409"}}
{"logTime": "0311/204441", "correlationVector":"+h4aNSqs5wtT89/33Xk9x7.171","action":"GetUpdates", "result":"DeleteReceived", "context":{"id":"f7fe512e-5d61-440a-a14a-768107378d6f", "isDeleted:":"true", "version":"1677587369934"}}
{"logTime": "0311/204441", "correlationVector":"+h4aNSqs5wtT89/33Xk9x7.172","action":"GetUpdates", "result":"DeleteReceived", "context":{"id":"258ad8d7-4a05-4447-9b38-66e15e8c11f7", "isDeleted:":"true", "version":"1677588229255"}}
{"logTime": "0311/204441", "correlationVector":"+h4aNSqs5wtT89/33Xk9x7.173","action":"GetUpdates", "result":"DeleteReceived", "context":{"id":"519e4870-59ba-4d3d-92ff-05a1cd0f85f9", "isDeleted:":"true", "version":"1677588229256"}}
{"logTime": "0311/204441", "correlationVector":"+h4aNSqs5wtT89/33Xk9x7.174","action":"GetUpdates", "result":"DeleteReceived", "context":{"id":"4e9d6f75-d04c-492b-a237-d9b1c0cac6df", "isDeleted:":"true", "version":"1677589601931"}}
{"logTime": "0311/204441", "correlationVector":"+h4aNSqs5wtT89/33Xk9x7.175","action":"GetUpdates", "result":"DeleteReceived", "context":{"id":"6d270fbf-9163-4937-8dc7-72c8c48708d2", "isDeleted:":"true", "version":"1677589601932"}}
{"logTime": "0311/204441", "correlationVector":"+h4aNSqs5wtT89/33Xk9x7.176","action":"GetUpdates", "result":"DeleteReceived", "context":{"id":"d42f8d7f-4d60-4931-bf61-54d2e593dc68", "isDeleted:":"true", "version":"1677589984770"}}
{"logTime": "0311/204441", "correlationVector":"+h4aNSqs5wtT89/33Xk9x7.177","action":"GetUpdates", "result":"DeleteReceived", "context":{"id":"8ced560d-8436-4848-8d72-ae48c81d3384", "isDeleted:":"true", "version":"1677591000660"}}
{"logTime": "0311/204441", "correlationVector":"+h4aNSqs5wtT89/33Xk9x7.178","action":"GetUpdates", "result":"DeleteReceived", "context":{"id":"9d2cfd5d-5f8d-4fa8-b7af-862ab5601d72", "isDeleted:":"true", "version":"1677591747017"}}
{"logTime": "0311/204441", "correlationVector":"+h4aNSqs5wtT89/33Xk9x7.179","action":"GetUpdates", "result":"DeleteReceived", "context":{"id":"032e362b-a36a-459a-a843-77a5722d252b", "isDeleted:":"true", "version":"1677592222257"}}
{"logTime": "0311/204441", "correlationVector":"+h4aNSqs5wtT89/33Xk9x7.180","action":"GetUpdates", "result":"DeleteReceived", "context":{"id":"15de97a9-bea6-48af-892e-88b11c27a1d0", "isDeleted:":"true", "version":"1677592254922"}}
{"logTime": "0311/204441", "correlationVector":"+h4aNSqs5wtT89/33Xk9x7.181","action":"GetUpdates", "result":"DeleteReceived", "context":{"id":"5bc2e139-2365-496f-b6dd-ffae7505f92f", "isDeleted:":"true", "version":"1677592254923"}}
{"logTime": "0311/204441", "correlationVector":"+h4aNSqs5wtT89/33Xk9x7.182","action":"GetUpdates", "result":"DeleteReceived", "context":{"id":"94e81e0c-d011-46c1-984b-63a9271e9cc1", "isDeleted:":"true", "version":"1677592254924"}}
{"logTime": "0311/204441", "correlationVector":"+h4aNSqs5wtT89/33Xk9x7.183","action":"GetUpdates", "result":"DeleteReceived", "context":{"id":"3527a596-3ca2-49c1-b246-e43967d7cc2b", "isDeleted:":"true", "version":"1677594638240"}}
{"logTime": "0311/204441", "correlationVector":"+h4aNSqs5wtT89/33Xk9x7.184","action":"GetUpdates", "result":"DeleteReceived", "context":{"id":"934f7f79-66fd-4339-912e-62005647f0cf", "isDeleted:":"true", "version":"1677594638241"}}
{"logTime": "0311/204441", "correlationVector":"+h4aNSqs5wtT89/33Xk9x7.185","action":"GetUpdates", "result":"DeleteReceived", "context":{"id":"b51fe9e2-1db7-4a69-90e3-2781f5df0c56", "isDeleted:":"true", "version":"1677594854838"}}
{"logTime": "0311/204441", "correlationVector":"+h4aNSqs5wtT89/33Xk9x7.186","action":"GetUpdates", "result":"DeleteReceived", "context":{"id":"940d782e-51f3-4b75-896d-feddb2cc93ee", "isDeleted:":"true", "version":"1677594921001"}}
{"logTime": "0311/204441", "correlationVector":"+h4aNSqs5wtT89/33Xk9x7.187","action":"GetUpdates", "result":"DeleteReceived", "context":{"id":"a9cff445-1818-4e25-a7bd-f7533b557963", "isDeleted:":"true", "version":"1677595749789"}}
{"logTime": "0311/204441", "correlationVector":"+h4aNSqs5wtT89/33Xk9x7.188","action":"GetUpdates", "result":"DeleteReceived", "context":{"id":"f99aea4d-a4b8-4dfe-bf1f-dc4657d1f714", "isDeleted:":"true", "version":"1677604111748"}}
{"logTime": "0311/204441", "correlationVector":"+h4aNSqs5wtT89/33Xk9x7.189","action":"GetUpdates", "result":"DeleteReceived", "context":{"id":"c42dfb90-9d1e-4ed6-b21e-dbdd3ffb7341", "isDeleted:":"true", "version":"1677604111751"}}
{"logTime": "0311/204441", "correlationVector":"+h4aNSqs5wtT89/33Xk9x7.190","action":"GetUpdates", "result":"DeleteReceived", "context":{"id":"92dea10c-cdf2-477e-80d3-17edde1d8fed", "isDeleted:":"true", "version":"1677604176459"}}
{"logTime": "0311/204441", "correlationVector":"+h4aNSqs5wtT89/33Xk9x7.191","action":"GetUpdates", "result":"DeleteReceived", "context":{"id":"4a9a5099-c835-40e4-97f7-8129535fd3f1", "isDeleted:":"true", "version":"1677605990383"}}
{"logTime": "0311/204441", "correlationVector":"+h4aNSqs5wtT89/33Xk9x7.192","action":"GetUpdates", "result":"DeleteReceived", "context":{"id":"d12b6041-ee43-49ed-bec2-09a66891f56f", "isDeleted:":"true", "version":"1677606649904"}}
{"logTime": "0311/204441", "correlationVector":"+h4aNSqs5wtT89/33Xk9x7.193","action":"GetUpdates", "result":"DeleteReceived", "context":{"id":"1d64932b-08e8-4b3f-95fb-ce8ccd16472c", "isDeleted:":"true", "version":"1677606649905"}}
{"logTime": "0311/204441", "correlationVector":"+h4aNSqs5wtT89/33Xk9x7.194","action":"GetUpdates", "result":"DeleteReceived", "context":{"id":"e37f7efa-81f5-4434-a189-e8905ae72265", "isDeleted:":"true", "version":"1677606649906"}}
{"logTime": "0311/204441", "correlationVector":"+h4aNSqs5wtT89/33Xk9x7.195","action":"GetUpdates", "result":"DeleteReceived", "context":{"id":"44f99ef5-6a0b-4da2-8702-35c53b9c001a", "isDeleted:":"true", "version":"1677606649907"}}
{"logTime": "0311/204441", "correlationVector":"+h4aNSqs5wtT89/33Xk9x7.196","action":"GetUpdates", "result":"DeleteReceived", "context":{"id":"dd20fa87-2e3d-4e7c-a51e-a9c1f69ed3ce", "isDeleted:":"true", "version":"1677606649908"}}
{"logTime": "0311/204441", "correlationVector":"+h4aNSqs5wtT89/33Xk9x7.197","action":"GetUpdates", "result":"DeleteReceived", "context":{"id":"7f0d9d15-bade-49aa-a063-7a2823a84eae", "isDeleted:":"true", "version":"1677606649909"}}
{"logTime": "0311/204441", "correlationVector":"+h4aNSqs5wtT89/33Xk9x7.198","action":"GetUpdates", "result":"DeleteReceived", "context":{"id":"91908622-9f51-4a7d-8f3a-3068523696f2", "isDeleted:":"true", "version":"1677606649911"}}
{"logTime": "0311/204441", "correlationVector":"+h4aNSqs5wtT89/33Xk9x7.199","action":"GetUpdates", "result":"DeleteReceived", "context":{"id":"89a88bf6-1202-4252-b568-5ea5f237807e", "isDeleted:":"true", "version":"1677606649912"}}
{"logTime": "0311/204441", "correlationVector":"+h4aNSqs5wtT89/33Xk9x7.200","action":"GetUpdates", "result":"DeleteReceived", "context":{"id":"e33269dc-40f6-4a47-8b58-f15be0877a95", "isDeleted:":"true", "version":"1677606649913"}}
{"logTime": "0311/204441", "correlationVector":"+h4aNSqs5wtT89/33Xk9x7.201","action":"GetUpdates", "result":"DeleteReceived", "context":{"id":"12001341-fb7e-4a61-b02f-bfa8dfb3c365", "isDeleted:":"true", "version":"1677606649915"}}
{"logTime": "0311/204441", "correlationVector":"+h4aNSqs5wtT89/33Xk9x7.202","action":"GetUpdates", "result":"DeleteReceived", "context":{"id":"f8241c45-bea4-4f34-a5d0-3a3eef1318f2", "isDeleted:":"true", "version":"1677606649916"}}
{"logTime": "0311/204441", "correlationVector":"+h4aNSqs5wtT89/33Xk9x7.203","action":"GetUpdates", "result":"DeleteReceived", "context":{"id":"ac2f61fe-57b5-47f8-b86e-5fb616e2ddbf", "isDeleted:":"true", "version":"1677606649917"}}
{"logTime": "0311/204441", "correlationVector":"+h4aNSqs5wtT89/33Xk9x7.204","action":"GetUpdates", "result":"DeleteReceived", "context":{"id":"1b994211-fe86-472e-ba00-354bd7c1318b", "isDeleted:":"true", "version":"1677606712698"}}
{"logTime": "0311/204441", "correlationVector":"+h4aNSqs5wtT89/33Xk9x7.205","action":"GetUpdates", "result":"DeleteReceived", "context":{"id":"01ae81a4-abb0-4404-b49e-d1e48c68d218", "isDeleted:":"true", "version":"1677606946225"}}
{"logTime": "0311/204441", "correlationVector":"+h4aNSqs5wtT89/33Xk9x7.206","action":"GetUpdates", "result":"DeleteReceived", "context":{"id":"b4955712-ddfe-4ece-83a0-a93dcbf65120", "isDeleted:":"true", "version":"1677607320633"}}
{"logTime": "0311/204441", "correlationVector":"+h4aNSqs5wtT89/33Xk9x7.207","action":"GetUpdates", "result":"DeleteReceived", "context":{"id":"cedd00eb-2875-4cea-b3b0-2ad9b3fb4a50", "isDeleted:":"true", "version":"1677607320636"}}
{"logTime": "0311/204441", "correlationVector":"+h4aNSqs5wtT89/33Xk9x7.208","action":"GetUpdates", "result":"DeleteReceived", "context":{"id":"28cbf214-896b-4a4a-ab7e-9d45bb77bd75", "isDeleted:":"true", "version":"1677607580256"}}
{"logTime": "0311/204441", "correlationVector":"+h4aNSqs5wtT89/33Xk9x7.209","action":"GetUpdates", "result":"DeleteReceived", "context":{"id":"4a45f3fc-3051-4b47-bd2a-350f0f211378", "isDeleted:":"true", "version":"1677607580258"}}
{"logTime": "0311/204441", "correlationVector":"+h4aNSqs5wtT89/33Xk9x7.210","action":"GetUpdates", "result":"DeleteReceived", "context":{"id":"c00724be-f131-4900-8b79-ada2c6de9692", "isDeleted:":"true", "version":"1677607580259"}}
{"logTime": "0311/204441", "correlationVector":"+h4aNSqs5wtT89/33Xk9x7.211","action":"GetUpdates", "result":"DeleteReceived", "context":{"id":"ee4a4d11-ebf4-402e-b731-d9a9306fe5d2", "isDeleted:":"true", "version":"1677607580260"}}
{"logTime": "0311/204441", "correlationVector":"+h4aNSqs5wtT89/33Xk9x7.212","action":"GetUpdates", "result":"DeleteReceived", "context":{"id":"5b6f81bb-9114-4644-907b-c28f4296ed8b", "isDeleted:":"true", "version":"1677608323859"}}
{"logTime": "0311/204441", "correlationVector":"+h4aNSqs5wtT89/33Xk9x7.213","action":"GetUpdates", "result":"DeleteReceived", "context":{"id":"92ee685c-0244-4ddb-a004-e86cce12a460", "isDeleted:":"true", "version":"1677608323860"}}
{"logTime": "0311/204441", "correlationVector":"+h4aNSqs5wtT89/33Xk9x7.214","action":"GetUpdates", "result":"DeleteReceived", "context":{"id":"a1056f6f-0587-489f-9f33-0bac231407c8", "isDeleted:":"true", "version":"1677608323861"}}
{"logTime": "0311/204441", "correlationVector":"+h4aNSqs5wtT89/33Xk9x7.215","action":"GetUpdates", "result":"DeleteReceived", "context":{"id":"82577596-f246-46d5-a8f1-dcb7e3fc7f7c", "isDeleted:":"true", "version":"1677608323862"}}
{"logTime": "0311/204441", "correlationVector":"+h4aNSqs5wtT89/33Xk9x7.216","action":"GetUpdates", "result":"DeleteReceived", "context":{"id":"08d3a29a-8fae-47e5-9db6-206d2d05d40b", "isDeleted:":"true", "version":"1677608323863"}}
{"logTime": "0311/204441", "correlationVector":"+h4aNSqs5wtT89/33Xk9x7.217","action":"GetUpdates", "result":"DeleteReceived", "context":{"id":"d8e3e092-a86b-4f42-bdd6-6d0fa5845b7f", "isDeleted:":"true", "version":"1677608323866"}}
{"logTime": "0311/204441", "correlationVector":"+h4aNSqs5wtT89/33Xk9x7.218","action":"GetUpdates", "result":"DeleteReceived", "context":{"id":"84fa35d0-c27c-4c40-83a1-8d2c03a981cd", "isDeleted:":"true", "version":"1677608361844"}}
{"logTime": "0311/204441", "correlationVector":"+h4aNSqs5wtT89/33Xk9x7.219","action":"GetUpdates", "result":"DeleteReceived", "context":{"id":"8e8ced63-acd2-4179-be10-313b7905b59a", "isDeleted:":"true", "version":"1677608361845"}}
{"logTime": "0311/204441", "correlationVector":"+h4aNSqs5wtT89/33Xk9x7.220","action":"GetUpdates", "result":"DeleteReceived", "context":{"id":"ceb44142-e7d6-4e26-a6f0-30d8c2e7f884", "isDeleted:":"true", "version":"1677608361846"}}
{"logTime": "0311/204441", "correlationVector":"+h4aNSqs5wtT89/33Xk9x7.221","action":"GetUpdates", "result":"DeleteReceived", "context":{"id":"6e08931e-7a07-4d1a-a3de-df0e7341bbaf", "isDeleted:":"true", "version":"1677609654346"}}
{"logTime": "0311/204441", "correlationVector":"+h4aNSqs5wtT89/33Xk9x7.222","action":"GetUpdates", "result":"DeleteReceived", "context":{"id":"24c568c8-4f22-4e73-854a-eeba056383e2", "isDeleted:":"true", "version":"1677610122631"}}
{"logTime": "0311/204441", "correlationVector":"+h4aNSqs5wtT89/33Xk9x7.223","action":"GetUpdates", "result":"DeleteReceived", "context":{"id":"7aafd035-16a1-42fb-b7b0-d5230214aad3", "isDeleted:":"true", "version":"1677611872600"}}
{"logTime": "0311/204441", "correlationVector":"+h4aNSqs5wtT89/33Xk9x7.224","action":"GetUpdates", "result":"DeleteReceived", "context":{"id":"7fbe9cbf-1c9f-4b28-8fb0-37d5d75ab382", "isDeleted:":"true", "version":"1677611872603"}}
{"logTime": "0311/204441", "correlationVector":"+h4aNSqs5wtT89/33Xk9x7.225","action":"GetUpdates", "result":"DeleteReceived", "context":{"id":"a8ce7a92-1cf4-451f-b45b-417423d3cde2", "isDeleted:":"true", "version":"1677611872604"}}
{"logTime": "0311/204441", "correlationVector":"+h4aNSqs5wtT89/33Xk9x7.226","action":"GetUpdates", "result":"DeleteReceived", "context":{"id":"9ee93a81-5ffd-43ca-9b40-053d818f86d0", "isDeleted:":"true", "version":"1677612359378"}}
{"logTime": "0311/204441", "correlationVector":"+h4aNSqs5wtT89/33Xk9x7.227","action":"GetUpdates", "result":"DeleteReceived", "context":{"id":"a1eb29ed-300c-40e3-a5d0-f2be1f69b474", "isDeleted:":"true", "version":"1677612359379"}}
{"logTime": "0311/204441", "correlationVector":"+h4aNSqs5wtT89/33Xk9x7.228","action":"GetUpdates", "result":"DeleteReceived", "context":{"id":"bbe738de-e618-4349-8f3a-b7e5b27ac588", "isDeleted:":"true", "version":"1677612359380"}}
{"logTime": "0311/204441", "correlationVector":"+h4aNSqs5wtT89/33Xk9x7.229","action":"GetUpdates", "result":"DeleteReceived", "context":{"id":"7e2994b8-7267-4255-86cd-d689da5bed08", "isDeleted:":"true", "version":"1677612359382"}}
{"logTime": "0311/204441", "correlationVector":"+h4aNSqs5wtT89/33Xk9x7.230","action":"GetUpdates", "result":"DeleteReceived", "context":{"id":"3d066482-7a79-4b2e-bcb5-d4a30595a72c", "isDeleted:":"true", "version":"1677612359383"}}
{"logTime": "0311/204441", "correlationVector":"+h4aNSqs5wtT89/33Xk9x7.231","action":"GetUpdates", "result":"DeleteReceived", "context":{"id":"cb3ad679-ebfb-4e86-bacd-88e9eb67e3bb", "isDeleted:":"true", "version":"1677612359384"}}
{"logTime": "0311/204441", "correlationVector":"+h4aNSqs5wtT89/33Xk9x7.232","action":"GetUpdates", "result":"DeleteReceived", "context":{"id":"43bdf1a8-15bf-447b-a48e-4f3b5cecda0c", "isDeleted:":"true", "version":"1677613053350"}}
{"logTime": "0311/204441", "correlationVector":"+h4aNSqs5wtT89/33Xk9x7.233","action":"GetUpdates", "result":"DeleteReceived", "context":{"id":"4aa45559-a229-41bd-85cb-21eeb2f5a0d6", "isDeleted:":"true", "version":"1677614323001"}}
{"logTime": "0311/204441", "correlationVector":"+h4aNSqs5wtT89/33Xk9x7.234","action":"GetUpdates", "result":"DeleteReceived", "context":{"id":"91b11658-f686-4ae0-99cc-5bb467d26339", "isDeleted:":"true", "version":"1677642654969"}}
{"logTime": "0311/204441", "correlationVector":"+h4aNSqs5wtT89/33Xk9x7.235","action":"GetUpdates", "result":"DeleteReceived", "context":{"id":"81c1be92-b30b-4f43-b973-c3eea0a076ef", "isDeleted:":"true", "version":"1677642654973"}}
{"logTime": "0311/204441", "correlationVector":"+h4aNSqs5wtT89/33Xk9x7.236","action":"GetUpdates", "result":"DeleteReceived", "context":{"id":"f59c5d0a-e75d-4c7e-be93-39c06d47fb66", "isDeleted:":"true", "version":"1677642654974"}}
{"logTime": "0311/204441", "correlationVector":"+h4aNSqs5wtT89/33Xk9x7.237","action":"GetUpdates", "result":"DeleteReceived", "context":{"id":"d2b08a07-20c0-4b15-9455-1ba2e35d57e5", "isDeleted:":"true", "version":"1677642654975"}}
{"logTime": "0311/204441", "correlationVector":"+h4aNSqs5wtT89/33Xk9x7.238","action":"GetUpdates", "result":"DeleteReceived", "context":{"id":"4d1c1fbf-7b94-4e4f-bda7-5548d4b78cbf", "isDeleted:":"true", "version":"1677642654977"}}
{"logTime": "0311/204441", "correlationVector":"+h4aNSqs5wtT89/33Xk9x7.239","action":"GetUpdates", "result":"DeleteReceived", "context":{"id":"79826536-af7e-4f11-9623-6f1f0f000405", "isDeleted:":"true", "version":"1677659145657"}}
{"logTime": "0311/204441", "correlationVector":"+h4aNSqs5wtT89/33Xk9x7.240","action":"GetUpdates", "result":"DeleteReceived", "context":{"id":"694add4b-d21e-474a-9429-7cb1b3188fb8", "isDeleted:":"true", "version":"1677659145658"}}
{"logTime": "0311/204441", "correlationVector":"+h4aNSqs5wtT89/33Xk9x7.241","action":"GetUpdates", "result":"DeleteReceived", "context":{"id":"cf400be1-6644-4cb0-8cd5-16c8d05738e3", "isDeleted:":"true", "version":"1677659145659"}}
{"logTime": "0311/204441", "correlationVector":"+h4aNSqs5wtT89/33Xk9x7.242","action":"GetUpdates", "result":"DeleteReceived", "context":{"id":"90c3b880-37de-4314-9b71-74f41b48ad0c", "isDeleted:":"true", "version":"1677659145664"}}
{"logTime": "0311/204441", "correlationVector":"+h4aNSqs5wtT89/33Xk9x7.243","action":"GetUpdates Response", "result":"SERVER_MORE_TO_DOWNLOAD", "context":Received 250 update(s).  Some updates remain.}
{"logTime": "0311/204441", "correlationVector":"q5HUnNGvlnDhYksLc055wa","action":"Normal GetUpdate request", "result":"", "context":cV=q5HUnNGvlnDhYksLc055wa
Notified types: Typed URLs}
{"logTime": "0311/204441", "correlationVector":"q5HUnNGvlnDhYksLc055wa.1","action":"SyncServerConnectionManagerRequest", "result":"SYNC_SERVER_OK", "context":{"environment":"Prod_SoutheastAsia_000j", "server":"general01000013"}}
{"logTime": "0311/204441", "correlationVector":"q5HUnNGvlnDhYksLc055wa.2","action":"GetUpdates", "result":"DeleteReceived", "context":{"id":"f24df3f2-a33d-4764-9d53-cc32bd76102f", "isDeleted:":"true", "version":"1677659241993"}}
{"logTime": "0311/204441", "correlationVector":"q5HUnNGvlnDhYksLc055wa.3","action":"GetUpdates", "result":"DeleteReceived", "context":{"id":"9b7ea619-06df-407f-8142-4489a5e8517a", "isDeleted:":"true", "version":"1677659241994"}}
{"logTime": "0311/204441", "correlationVector":"q5HUnNGvlnDhYksLc055wa.4","action":"GetUpdates", "result":"DeleteReceived", "context":{"id":"d1183cf3-92eb-44d1-b39b-bd535c4d0213", "isDeleted:":"true", "version":"1677659241995"}}
{"logTime": "0311/204441", "correlationVector":"q5HUnNGvlnDhYksLc055wa.5","action":"GetUpdates", "result":"DeleteReceived", "context":{"id":"e87014f2-c17a-47ba-be88-6850151c55f1", "isDeleted:":"true", "version":"1677673928457"}}
{"logTime": "0311/204441", "correlationVector":"q5HUnNGvlnDhYksLc055wa.6","action":"GetUpdates", "result":"DeleteReceived", "context":{"id":"bcd54f27-157d-4c97-9dd7-ca5f4fd3d8a0", "isDeleted:":"true", "version":"1677673928458"}}
{"logTime": "0311/204441", "correlationVector":"q5HUnNGvlnDhYksLc055wa.7","action":"GetUpdates", "result":"DeleteReceived", "context":{"id":"a9942ab0-d9ff-4f84-b1e6-471113c51dfc", "isDeleted:":"true", "version":"1677687776548"}}
{"logTime": "0311/204441", "correlationVector":"q5HUnNGvlnDhYksLc055wa.8","action":"GetUpdates", "result":"DeleteReceived", "context":{"id":"35040062-6826-4732-9c3e-29b86cbaa801", "isDeleted:":"true", "version":"1677687776549"}}
{"logTime": "0311/204441", "correlationVector":"q5HUnNGvlnDhYksLc055wa.9","action":"GetUpdates", "result":"DeleteReceived", "context":{"id":"bf610aaa-52e4-4e9b-9afa-294ca4944976", "isDeleted:":"true", "version":"1677687776550"}}
{"logTime": "0311/204441", "correlationVector":"q5HUnNGvlnDhYksLc055wa.10","action":"GetUpdates", "result":"DeleteReceived", "context":{"id":"47261e92-703e-4ff7-9679-fdca6bd3b39e", "isDeleted:":"true", "version":"1677690344797"}}
{"logTime": "0311/204441", "correlationVector":"q5HUnNGvlnDhYksLc055wa.11","action":"GetUpdates", "result":"DeleteReceived", "context":{"id":"f2e4703b-e3dd-44c2-bfe3-45820e46a392", "isDeleted:":"true", "version":"1677700620450"}}
{"logTime": "0311/204441", "correlationVector":"q5HUnNGvlnDhYksLc055wa.12","action":"GetUpdates", "result":"DeleteReceived", "context":{"id":"717db1ca-9fc3-4313-8b63-f3a3cd801901", "isDeleted:":"true", "version":"1677731205377"}}
{"logTime": "0311/204441", "correlationVector":"q5HUnNGvlnDhYksLc055wa.13","action":"GetUpdates", "result":"DeleteReceived", "context":{"id":"6092d875-24c0-48ab-a154-ecebd485352b", "isDeleted:":"true", "version":"1677731205378"}}
{"logTime": "0311/204441", "correlationVector":"q5HUnNGvlnDhYksLc055wa.14","action":"GetUpdates", "result":"DeleteReceived", "context":{"id":"968ffeae-e1f3-482b-a937-20e87d7ca009", "isDeleted:":"true", "version":"1677731205379"}}
{"logTime": "0311/204441", "correlationVector":"q5HUnNGvlnDhYksLc055wa.15","action":"GetUpdates", "result":"DeleteReceived", "context":{"id":"1291619b-054f-472b-8ba3-c7d15788c6c1", "isDeleted:":"true", "version":"1677763861313"}}
{"logTime": "0311/204441", "correlationVector":"q5HUnNGvlnDhYksLc055wa.16","action":"GetUpdates", "result":"DeleteReceived", "context":{"id":"5137b3ff-9157-43fe-bf91-a5db5aa94b92", "isDeleted:":"true", "version":"1677763861314"}}
{"logTime": "0311/204441", "correlationVector":"q5HUnNGvlnDhYksLc055wa.17","action":"GetUpdates", "result":"DeleteReceived", "context":{"id":"a32af106-e000-4fea-a428-f2d08379f594", "isDeleted:":"true", "version":"1677768442272"}}
{"logTime": "0311/204441", "correlationVector":"q5HUnNGvlnDhYksLc055wa.18","action":"GetUpdates", "result":"DeleteReceived", "context":{"id":"9e3ee678-c9a1-497e-9949-6ba63357e7e1", "isDeleted:":"true", "version":"1677768442273"}}
{"logTime": "0311/204441", "correlationVector":"q5HUnNGvlnDhYksLc055wa.19","action":"GetUpdates", "result":"DeleteReceived", "context":{"id":"916ab1ea-98a1-4062-8943-d023da958132", "isDeleted:":"true", "version":"1677784288955"}}
{"logTime": "0311/204441", "correlationVector":"q5HUnNGvlnDhYksLc055wa.20","action":"GetUpdates", "result":"DeleteReceived", "context":{"id":"99fb23db-3081-4cdf-a583-9aed6996eeb6", "isDeleted:":"true", "version":"1677818132240"}}
{"logTime": "0311/204441", "correlationVector":"q5HUnNGvlnDhYksLc055wa.21","action":"GetUpdates", "result":"DeleteReceived", "context":{"id":"e7239c15-a8ae-43f4-ae98-21a6ea6995f4", "isDeleted:":"true", "version":"1677824730666"}}
{"logTime": "0311/204441", "correlationVector":"q5HUnNGvlnDhYksLc055wa.22","action":"GetUpdates", "result":"DeleteReceived", "context":{"id":"f20eef23-adb2-4826-8f65-f15f77ee1e94", "isDeleted:":"true", "version":"1677824730667"}}
{"logTime": "0311/204441", "correlationVector":"q5HUnNGvlnDhYksLc055wa.23","action":"GetUpdates", "result":"DeleteReceived", "context":{"id":"9cefb752-8a43-466b-87d7-7bfe4e413204", "isDeleted:":"true", "version":"1677824730669"}}
{"logTime": "0311/204441", "correlationVector":"q5HUnNGvlnDhYksLc055wa.24","action":"GetUpdates", "result":"DeleteReceived", "context":{"id":"be547974-5fe1-4dbf-b27e-0bffda42a245", "isDeleted:":"true", "version":"1677841762782"}}
{"logTime": "0311/204441", "correlationVector":"q5HUnNGvlnDhYksLc055wa.25","action":"GetUpdates", "result":"DeleteReceived", "context":{"id":"8a479ac6-6847-4e63-b2a4-6055a8e6e95f", "isDeleted:":"true", "version":"1677846939771"}}
{"logTime": "0311/204441", "correlationVector":"q5HUnNGvlnDhYksLc055wa.26","action":"GetUpdates", "result":"DeleteReceived", "context":{"id":"15095153-c653-4263-90f1-70d637cea84d", "isDeleted:":"true", "version":"1677846939773"}}
{"logTime": "0311/204441", "correlationVector":"q5HUnNGvlnDhYksLc055wa.27","action":"GetUpdates", "result":"DeleteReceived", "context":{"id":"7a7416ca-5b42-47d1-b9fb-a92410268e2d", "isDeleted:":"true", "version":"1677846939774"}}
{"logTime": "0311/204441", "correlationVector":"q5HUnNGvlnDhYksLc055wa.28","action":"GetUpdates", "result":"DeleteReceived", "context":{"id":"b3b61d7b-5f1f-4a12-9dac-55444f128e54", "isDeleted:":"true", "version":"1677846971088"}}
{"logTime": "0311/204441", "correlationVector":"q5HUnNGvlnDhYksLc055wa.29","action":"GetUpdates", "result":"DeleteReceived", "context":{"id":"4c1eb760-d3ef-4099-9ca4-68543b2c7dbd", "isDeleted:":"true", "version":"1677847037531"}}
{"logTime": "0311/204441", "correlationVector":"q5HUnNGvlnDhYksLc055wa.30","action":"GetUpdates", "result":"DeleteReceived", "context":{"id":"f9765ee3-3546-4001-ad25-28bc0ebc3a57", "isDeleted:":"true", "version":"1677847425545"}}
{"logTime": "0311/204441", "correlationVector":"q5HUnNGvlnDhYksLc055wa.31","action":"GetUpdates", "result":"DeleteReceived", "context":{"id":"388f305c-8146-4701-994e-c6046e42a1b9", "isDeleted:":"true", "version":"1677847535686"}}
{"logTime": "0311/204441", "correlationVector":"q5HUnNGvlnDhYksLc055wa.32","action":"GetUpdates", "result":"DeleteReceived", "context":{"id":"65baf662-b788-4f31-a8a5-8bf1b302d1c4", "isDeleted:":"true", "version":"1677862999966"}}
{"logTime": "0311/204441", "correlationVector":"q5HUnNGvlnDhYksLc055wa.33","action":"GetUpdates", "result":"DeleteReceived", "context":{"id":"e89cf6ba-ae32-426f-8688-5d5a6acbc042", "isDeleted:":"true", "version":"1677862999967"}}
{"logTime": "0311/204441", "correlationVector":"q5HUnNGvlnDhYksLc055wa.34","action":"GetUpdates", "result":"DeleteReceived", "context":{"id":"d74635c3-4606-4324-b9f7-9fd4d2a332ee", "isDeleted:":"true", "version":"1677862999968"}}
{"logTime": "0311/204441", "correlationVector":"q5HUnNGvlnDhYksLc055wa.35","action":"GetUpdates", "result":"DeleteReceived", "context":{"id":"b3c651d9-0541-4394-ace1-419a13d2df3c", "isDeleted:":"true", "version":"1677863032285"}}
{"logTime": "0311/204441", "correlationVector":"q5HUnNGvlnDhYksLc055wa.36","action":"GetUpdates", "result":"DeleteReceived", "context":{"id":"f274c4af-61c5-4c14-9d03-df3c9460ff7b", "isDeleted:":"true", "version":"1677863214900"}}
{"logTime": "0311/204441", "correlationVector":"q5HUnNGvlnDhYksLc055wa.37","action":"GetUpdates", "result":"DeleteReceived", "context":{"id":"57599ab7-75c6-44b8-8f7e-a15c3f177252", "isDeleted:":"true", "version":"1677863214902"}}
{"logTime": "0311/204441", "correlationVector":"q5HUnNGvlnDhYksLc055wa.38","action":"GetUpdates", "result":"DeleteReceived", "context":{"id":"b2e6377a-932c-4aea-a73c-8dcb3850aa3b", "isDeleted:":"true", "version":"1677906657375"}}
{"logTime": "0311/204441", "correlationVector":"q5HUnNGvlnDhYksLc055wa.39","action":"GetUpdates", "result":"DeleteReceived", "context":{"id":"22580ad6-ac38-497d-83aa-58f0920da9fc", "isDeleted:":"true", "version":"1677906657376"}}
{"logTime": "0311/204441", "correlationVector":"q5HUnNGvlnDhYksLc055wa.40","action":"GetUpdates", "result":"DeleteReceived", "context":{"id":"8ac3226e-9878-4699-aaf8-370679e2bfda", "isDeleted:":"true", "version":"1677906657377"}}
{"logTime": "0311/204441", "correlationVector":"q5HUnNGvlnDhYksLc055wa.41","action":"GetUpdates", "result":"DeleteReceived", "context":{"id":"8b36f1c2-24d4-4583-a01b-b6b6dbf72e71", "isDeleted:":"true", "version":"1677939824528"}}
{"logTime": "0311/204441", "correlationVector":"q5HUnNGvlnDhYksLc055wa.42","action":"GetUpdates", "result":"DeleteReceived", "context":{"id":"735702a8-da75-467b-ba0d-b52917fb37fa", "isDeleted:":"true", "version":"1677939824530"}}
{"logTime": "0311/204441", "correlationVector":"q5HUnNGvlnDhYksLc055wa.43","action":"GetUpdates", "result":"DeleteReceived", "context":{"id":"68c278a5-230c-4481-b4a7-435d36c8fdd8", "isDeleted:":"true", "version":"1677939824531"}}
{"logTime": "0311/204441", "correlationVector":"q5HUnNGvlnDhYksLc055wa.44","action":"GetUpdates", "result":"DeleteReceived", "context":{"id":"10362996-61e2-4337-ad9d-77da5650c480", "isDeleted:":"true", "version":"1677939824532"}}
{"logTime": "0311/204441", "correlationVector":"q5HUnNGvlnDhYksLc055wa.45","action":"GetUpdates", "result":"DeleteReceived", "context":{"id":"e24d3ac2-d5a4-49f0-ac22-7d53b135ad79", "isDeleted:":"true", "version":"1677939824534"}}
{"logTime": "0311/204441", "correlationVector":"q5HUnNGvlnDhYksLc055wa.46","action":"GetUpdates", "result":"DeleteReceived", "context":{"id":"d119488e-3f2e-4ad9-9cf7-0201d6c4d669", "isDeleted:":"true", "version":"1677940757703"}}
{"logTime": "0311/204441", "correlationVector":"q5HUnNGvlnDhYksLc055wa.47","action":"GetUpdates", "result":"DeleteReceived", "context":{"id":"7c103b50-0403-4a94-8325-17bec97cf243", "isDeleted:":"true", "version":"1677941728584"}}
{"logTime": "0311/204441", "correlationVector":"q5HUnNGvlnDhYksLc055wa.48","action":"GetUpdates", "result":"DeleteReceived", "context":{"id":"48ad0ad4-1ca9-4257-8408-c6663cc6e020", "isDeleted:":"true", "version":"1677941758976"}}
{"logTime": "0311/204441", "correlationVector":"q5HUnNGvlnDhYksLc055wa.49","action":"GetUpdates", "result":"DeleteReceived", "context":{"id":"4cbaff0d-0ad0-47b9-931d-e3c2b0730c0f", "isDeleted:":"true", "version":"1677941758977"}}
{"logTime": "0311/204441", "correlationVector":"q5HUnNGvlnDhYksLc055wa.50","action":"GetUpdates", "result":"DeleteReceived", "context":{"id":"bcc75591-aaae-4ffe-bc0d-94787d631554", "isDeleted:":"true", "version":"1677941758978"}}
{"logTime": "0311/204441", "correlationVector":"q5HUnNGvlnDhYksLc055wa.51","action":"GetUpdates", "result":"DeleteReceived", "context":{"id":"8d490654-c1e4-46d6-91ca-633de364c668", "isDeleted:":"true", "version":"1677941758983"}}
{"logTime": "0311/204441", "correlationVector":"q5HUnNGvlnDhYksLc055wa.52","action":"GetUpdates", "result":"DeleteReceived", "context":{"id":"d10c0a61-5513-4805-bfbd-187303cedea1", "isDeleted:":"true", "version":"1677941758984"}}
{"logTime": "0311/204441", "correlationVector":"q5HUnNGvlnDhYksLc055wa.53","action":"GetUpdates", "result":"DeleteReceived", "context":{"id":"1e0257dc-5391-47f2-ae87-bbd21fbccbd6", "isDeleted:":"true", "version":"1677941758985"}}
{"logTime": "0311/204441", "correlationVector":"q5HUnNGvlnDhYksLc055wa.54","action":"GetUpdates", "result":"DeleteReceived", "context":{"id":"8cb2ded0-cd40-4188-bfce-7cbeb722c107", "isDeleted:":"true", "version":"1677942161050"}}
{"logTime": "0311/204441", "correlationVector":"q5HUnNGvlnDhYksLc055wa.55","action":"GetUpdates", "result":"DeleteReceived", "context":{"id":"3ddf044b-fc34-4514-938a-f614746c7972", "isDeleted:":"true", "version":"1677942161053"}}
{"logTime": "0311/204441", "correlationVector":"q5HUnNGvlnDhYksLc055wa.56","action":"GetUpdates", "result":"DeleteReceived", "context":{"id":"ad46cd54-b409-4981-adf4-ae3497151605", "isDeleted:":"true", "version":"1677942206185"}}
{"logTime": "0311/204441", "correlationVector":"q5HUnNGvlnDhYksLc055wa.57","action":"GetUpdates", "result":"DeleteReceived", "context":{"id":"7a39098b-cf4f-461a-96e4-c880b5068fea", "isDeleted:":"true", "version":"1677942270524"}}
{"logTime": "0311/204441", "correlationVector":"q5HUnNGvlnDhYksLc055wa.58","action":"GetUpdates", "result":"DeleteReceived", "context":{"id":"423b9e69-9115-40bc-bb3d-16d7899f72fd", "isDeleted:":"true", "version":"1677942270526"}}
{"logTime": "0311/204441", "correlationVector":"q5HUnNGvlnDhYksLc055wa.59","action":"GetUpdates", "result":"DeleteReceived", "context":{"id":"8e9c0ef2-160d-4d7a-aa03-843739f2eef4", "isDeleted:":"true", "version":"1677942270527"}}
{"logTime": "0311/204441", "correlationVector":"q5HUnNGvlnDhYksLc055wa.60","action":"GetUpdates", "result":"DeleteReceived", "context":{"id":"c8570d14-d054-4940-bcd9-3f29e14dd866", "isDeleted:":"true", "version":"1677942270530"}}
{"logTime": "0311/204441", "correlationVector":"q5HUnNGvlnDhYksLc055wa.61","action":"GetUpdates", "result":"DeleteReceived", "context":{"id":"b59be82f-f349-475a-9ee2-cb3c1b675e53", "isDeleted:":"true", "version":"1677942304386"}}
{"logTime": "0311/204441", "correlationVector":"q5HUnNGvlnDhYksLc055wa.62","action":"GetUpdates", "result":"DeleteReceived", "context":{"id":"914313ed-2720-4791-a57a-443ac191cca3", "isDeleted:":"true", "version":"1677942304387"}}
{"logTime": "0311/204441", "correlationVector":"q5HUnNGvlnDhYksLc055wa.63","action":"GetUpdates", "result":"DeleteReceived", "context":{"id":"ec9ceb18-a448-4e09-a60d-6415cb3ba153", "isDeleted:":"true", "version":"1677942304388"}}
{"logTime": "0311/204441", "correlationVector":"q5HUnNGvlnDhYksLc055wa.64","action":"GetUpdates", "result":"DeleteReceived", "context":{"id":"efb5fcf5-c226-474b-872b-f8b1f15139f8", "isDeleted:":"true", "version":"1677942304390"}}
{"logTime": "0311/204441", "correlationVector":"q5HUnNGvlnDhYksLc055wa.65","action":"GetUpdates", "result":"DeleteReceived", "context":{"id":"15a0c88a-7585-438a-afa6-3263c253a19e", "isDeleted:":"true", "version":"1677955906783"}}
{"logTime": "0311/204441", "correlationVector":"q5HUnNGvlnDhYksLc055wa.66","action":"GetUpdates", "result":"DeleteReceived", "context":{"id":"191b8102-dd8a-49c6-b55c-1e1c28e7d4b5", "isDeleted:":"true", "version":"1677955906784"}}
{"logTime": "0311/204441", "correlationVector":"q5HUnNGvlnDhYksLc055wa.67","action":"GetUpdates", "result":"DeleteReceived", "context":{"id":"49d9b50d-4fc9-4a7e-984b-b2dbbf3daffa", "isDeleted:":"true", "version":"1677955906785"}}
{"logTime": "0311/204441", "correlationVector":"q5HUnNGvlnDhYksLc055wa.68","action":"GetUpdates", "result":"DeleteReceived", "context":{"id":"3ea09f94-584e-4c14-bee8-52ff57340ce5", "isDeleted:":"true", "version":"1677955998443"}}
{"logTime": "0311/204441", "correlationVector":"q5HUnNGvlnDhYksLc055wa.69","action":"GetUpdates", "result":"DeleteReceived", "context":{"id":"09e5e20c-2cf5-4276-8c46-a8d9d1a0c2ca", "isDeleted:":"true", "version":"1677956086710"}}
{"logTime": "0311/204441", "correlationVector":"q5HUnNGvlnDhYksLc055wa.70","action":"GetUpdates", "result":"DeleteReceived", "context":{"id":"e5dd1fb4-c8c3-4936-8909-35b7f724f5a1", "isDeleted:":"true", "version":"1677956086711"}}
{"logTime": "0311/204441", "correlationVector":"q5HUnNGvlnDhYksLc055wa.71","action":"GetUpdates", "result":"DeleteReceived", "context":{"id":"ff1d25ca-6bdf-432b-9ecc-45ef25505152", "isDeleted:":"true", "version":"1677956086714"}}
{"logTime": "0311/204441", "correlationVector":"q5HUnNGvlnDhYksLc055wa.72","action":"GetUpdates", "result":"DeleteReceived", "context":{"id":"883ec48c-71ff-41e6-a3cf-277e315466f6", "isDeleted:":"true", "version":"1677956086715"}}
{"logTime": "0311/204441", "correlationVector":"q5HUnNGvlnDhYksLc055wa.73","action":"GetUpdates", "result":"DeleteReceived", "context":{"id":"cb9b9771-7c46-4b7d-ae49-7e5418e1f2a4", "isDeleted:":"true", "version":"1677956120441"}}
{"logTime": "0311/204441", "correlationVector":"q5HUnNGvlnDhYksLc055wa.74","action":"GetUpdates", "result":"DeleteReceived", "context":{"id":"818d960a-3c0a-402a-841c-63641989195f", "isDeleted:":"true", "version":"1677956339675"}}
{"logTime": "0311/204441", "correlationVector":"q5HUnNGvlnDhYksLc055wa.75","action":"GetUpdates", "result":"DeleteReceived", "context":{"id":"5b4f5396-3a72-442e-8c33-a53cf6256f03", "isDeleted:":"true", "version":"1677956418539"}}
{"logTime": "0311/204441", "correlationVector":"q5HUnNGvlnDhYksLc055wa.76","action":"GetUpdates", "result":"DeleteReceived", "context":{"id":"0f397b2a-1c21-46c7-b6a2-39d80176ac27", "isDeleted:":"true", "version":"1677956721735"}}
{"logTime": "0311/204441", "correlationVector":"q5HUnNGvlnDhYksLc055wa.77","action":"GetUpdates", "result":"DeleteReceived", "context":{"id":"3c274c8d-1166-49d4-a22d-ef1849eaaae1", "isDeleted:":"true", "version":"1677956982946"}}
{"logTime": "0311/204441", "correlationVector":"q5HUnNGvlnDhYksLc055wa.78","action":"GetUpdates", "result":"DeleteReceived", "context":{"id":"11f22721-90b4-4a15-98b9-d3f4ce1d2233", "isDeleted:":"true", "version":"1677957670451"}}
{"logTime": "0311/204441", "correlationVector":"q5HUnNGvlnDhYksLc055wa.79","action":"GetUpdates", "result":"DeleteReceived", "context":{"id":"ca5aedc5-7f5b-495c-b89d-8684ab8024ac", "isDeleted:":"true", "version":"1677957670452"}}
{"logTime": "0311/204441", "correlationVector":"q5HUnNGvlnDhYksLc055wa.80","action":"GetUpdates", "result":"DeleteReceived", "context":{"id":"aa3a470f-9088-44f6-a1bf-32c3b9aa36cf", "isDeleted:":"true", "version":"1677959522489"}}
{"logTime": "0311/204441", "correlationVector":"q5HUnNGvlnDhYksLc055wa.81","action":"GetUpdates", "result":"DeleteReceived", "context":{"id":"a015d11b-6505-48e3-9ab3-6fcc090ce612", "isDeleted:":"true", "version":"1677959522492"}}
{"logTime": "0311/204441", "correlationVector":"q5HUnNGvlnDhYksLc055wa.82","action":"GetUpdates", "result":"DeleteReceived", "context":{"id":"11321868-fd4b-4f10-9313-5f73696f42bc", "isDeleted:":"true", "version":"1677959522493"}}
{"logTime": "0311/204441", "correlationVector":"q5HUnNGvlnDhYksLc055wa.83","action":"GetUpdates", "result":"DeleteReceived", "context":{"id":"70af2193-03c7-4e29-8136-462efac905a5", "isDeleted:":"true", "version":"1677960314588"}}
{"logTime": "0311/204441", "correlationVector":"q5HUnNGvlnDhYksLc055wa.84","action":"GetUpdates", "result":"DeleteReceived", "context":{"id":"5f9c26ec-130e-486c-9896-5e0e940cb742", "isDeleted:":"true", "version":"1677960375020"}}
{"logTime": "0311/204441", "correlationVector":"q5HUnNGvlnDhYksLc055wa.85","action":"GetUpdates", "result":"DeleteReceived", "context":{"id":"38872178-968b-43dd-a0a0-11c1b22eabac", "isDeleted:":"true", "version":"1677960486607"}}
{"logTime": "0311/204441", "correlationVector":"q5HUnNGvlnDhYksLc055wa.86","action":"GetUpdates", "result":"DeleteReceived", "context":{"id":"1aae8848-daaf-43c1-87f5-7bae22f98557", "isDeleted:":"true", "version":"1677995965444"}}
{"logTime": "0311/204441", "correlationVector":"q5HUnNGvlnDhYksLc055wa.87","action":"GetUpdates", "result":"DeleteReceived", "context":{"id":"5cfa1fae-50cc-424f-a07c-19e07646e5ae", "isDeleted:":"true", "version":"1677995965445"}}
{"logTime": "0311/204441", "correlationVector":"q5HUnNGvlnDhYksLc055wa.88","action":"GetUpdates", "result":"DeleteReceived", "context":{"id":"594ca1f6-4480-43e3-bf36-79d6261983fe", "isDeleted:":"true", "version":"1677995965446"}}
{"logTime": "0311/204441", "correlationVector":"q5HUnNGvlnDhYksLc055wa.89","action":"GetUpdates", "result":"DeleteReceived", "context":{"id":"629dcb47-5159-4564-818d-4f86a1abcb35", "isDeleted:":"true", "version":"1677995965447"}}
{"logTime": "0311/204441", "correlationVector":"q5HUnNGvlnDhYksLc055wa.90","action":"GetUpdates", "result":"DeleteReceived", "context":{"id":"0ae194f1-21c1-4f35-b62b-e927b1272206", "isDeleted:":"true", "version":"1677995965449"}}
{"logTime": "0311/204441", "correlationVector":"q5HUnNGvlnDhYksLc055wa.91","action":"GetUpdates", "result":"DeleteReceived", "context":{"id":"a65dd0d3-4686-4b98-bdf0-6636dce158cf", "isDeleted:":"true", "version":"1677995965450"}}
{"logTime": "0311/204441", "correlationVector":"q5HUnNGvlnDhYksLc055wa.92","action":"GetUpdates", "result":"DeleteReceived", "context":{"id":"c15ea841-5f05-4f98-8329-c798abea7433", "isDeleted:":"true", "version":"1677995965451"}}
{"logTime": "0311/204441", "correlationVector":"q5HUnNGvlnDhYksLc055wa.93","action":"GetUpdates", "result":"DeleteReceived", "context":{"id":"9b17e8e6-5524-4e6d-8507-88a1b0002854", "isDeleted:":"true", "version":"1677995965452"}}
{"logTime": "0311/204441", "correlationVector":"q5HUnNGvlnDhYksLc055wa.94","action":"GetUpdates", "result":"DeleteReceived", "context":{"id":"c4d7de93-0e83-41be-a46b-3c6214c5e54a", "isDeleted:":"true", "version":"1677995965453"}}
{"logTime": "0311/204441", "correlationVector":"q5HUnNGvlnDhYksLc055wa.95","action":"GetUpdates", "result":"DeleteReceived", "context":{"id":"6209b094-d668-478a-9147-e36808f6515b", "isDeleted:":"true", "version":"1677996315653"}}
{"logTime": "0311/204441", "correlationVector":"q5HUnNGvlnDhYksLc055wa.96","action":"GetUpdates", "result":"DeleteReceived", "context":{"id":"0942daea-cbfa-443f-a880-34fde7544eb9", "isDeleted:":"true", "version":"1677996593376"}}
{"logTime": "0311/204441", "correlationVector":"q5HUnNGvlnDhYksLc055wa.97","action":"GetUpdates", "result":"DeleteReceived", "context":{"id":"075d33ff-00d9-4781-b09c-4a6435e50f44", "isDeleted:":"true", "version":"1677996593377"}}
{"logTime": "0311/204441", "correlationVector":"q5HUnNGvlnDhYksLc055wa.98","action":"GetUpdates", "result":"DeleteReceived", "context":{"id":"fc048565-5dd5-4c75-a764-2253c8e74d31", "isDeleted:":"true", "version":"1677996593380"}}
{"logTime": "0311/204441", "correlationVector":"q5HUnNGvlnDhYksLc055wa.99","action":"GetUpdates", "result":"DeleteReceived", "context":{"id":"0c9393da-3cff-466b-a790-1b6696832e5a", "isDeleted:":"true", "version":"1677996593382"}}
{"logTime": "0311/204441", "correlationVector":"q5HUnNGvlnDhYksLc055wa.100","action":"GetUpdates", "result":"DeleteReceived", "context":{"id":"ce5de4fa-a531-4561-9b44-a2d2ce1a20f8", "isDeleted:":"true", "version":"1677996626941"}}
{"logTime": "0311/204441", "correlationVector":"q5HUnNGvlnDhYksLc055wa.101","action":"GetUpdates", "result":"DeleteReceived", "context":{"id":"6669eb69-0141-483f-b9d3-af66f9bd3673", "isDeleted:":"true", "version":"1678025763775"}}
{"logTime": "0311/204441", "correlationVector":"q5HUnNGvlnDhYksLc055wa.102","action":"GetUpdates", "result":"DeleteReceived", "context":{"id":"8608c727-9ee9-4dd2-97fc-5fc4b120edf0", "isDeleted:":"true", "version":"1678025763778"}}
{"logTime": "0311/204441", "correlationVector":"q5HUnNGvlnDhYksLc055wa.103","action":"GetUpdates", "result":"DeleteReceived", "context":{"id":"714e7374-198b-44ee-a68c-bf12bdcdb913", "isDeleted:":"true", "version":"1678025763779"}}
{"logTime": "0311/204441", "correlationVector":"q5HUnNGvlnDhYksLc055wa.104","action":"GetUpdates", "result":"DeleteReceived", "context":{"id":"8745834b-9bfc-4a14-b03e-cd8be9dde9d3", "isDeleted:":"true", "version":"1678025763780"}}
{"logTime": "0311/204441", "correlationVector":"q5HUnNGvlnDhYksLc055wa.105","action":"GetUpdates", "result":"DeleteReceived", "context":{"id":"8cf11701-2286-4470-8326-566ea5689233", "isDeleted:":"true", "version":"1678033332246"}}
{"logTime": "0311/204441", "correlationVector":"q5HUnNGvlnDhYksLc055wa.106","action":"GetUpdates", "result":"DeleteReceived", "context":{"id":"c6b71274-4dcf-4f07-a880-399280a98bdf", "isDeleted:":"true", "version":"1678033332247"}}
{"logTime": "0311/204441", "correlationVector":"q5HUnNGvlnDhYksLc055wa.107","action":"GetUpdates", "result":"DeleteReceived", "context":{"id":"ad99fc96-fb4b-4698-87e1-1a5c8cf963c4", "isDeleted:":"true", "version":"1678034435354"}}
{"logTime": "0311/204441", "correlationVector":"q5HUnNGvlnDhYksLc055wa.108","action":"GetUpdates", "result":"DeleteReceived", "context":{"id":"f7439954-7daf-4e15-bd37-5a42fc49a8f1", "isDeleted:":"true", "version":"1678034435355"}}
{"logTime": "0311/204441", "correlationVector":"q5HUnNGvlnDhYksLc055wa.109","action":"GetUpdates", "result":"DeleteReceived", "context":{"id":"c38e788f-5451-4646-b1ed-d709642b5358", "isDeleted:":"true", "version":"1678034435357"}}
{"logTime": "0311/204441", "correlationVector":"q5HUnNGvlnDhYksLc055wa.110","action":"GetUpdates", "result":"DeleteReceived", "context":{"id":"187d5731-caf7-45b9-b286-76f392ee1958", "isDeleted:":"true", "version":"1678034435358"}}
{"logTime": "0311/204441", "correlationVector":"q5HUnNGvlnDhYksLc055wa.111","action":"GetUpdates", "result":"DeleteReceived", "context":{"id":"b94a2ecd-e78c-4037-b3ab-32b9ef1f26f7", "isDeleted:":"true", "version":"1678034435359"}}
{"logTime": "0311/204441", "correlationVector":"q5HUnNGvlnDhYksLc055wa.112","action":"GetUpdates", "result":"DeleteReceived", "context":{"id":"f4ec4523-5d2d-45e0-851a-1e89236aec8e", "isDeleted:":"true", "version":"1678034774229"}}
{"logTime": "0311/204441", "correlationVector":"q5HUnNGvlnDhYksLc055wa.113","action":"GetUpdates", "result":"DeleteReceived", "context":{"id":"6dcdb0f3-c33f-4913-9b43-288dd804d240", "isDeleted:":"true", "version":"1678034774230"}}
{"logTime": "0311/204441", "correlationVector":"q5HUnNGvlnDhYksLc055wa.114","action":"GetUpdates", "result":"DeleteReceived", "context":{"id":"ca98d0f3-5a60-41f8-8427-3dc43964c331", "isDeleted:":"true", "version":"1678037662326"}}
{"logTime": "0311/204441", "correlationVector":"q5HUnNGvlnDhYksLc055wa.115","action":"GetUpdates", "result":"DeleteReceived", "context":{"id":"741b471f-f96f-48f5-83a2-52d7b1ac308d", "isDeleted:":"true", "version":"1678037738225"}}
{"logTime": "0311/204441", "correlationVector":"q5HUnNGvlnDhYksLc055wa.116","action":"GetUpdates", "result":"DeleteReceived", "context":{"id":"58bdf70c-da2d-4609-bf0d-06a9790a532f", "isDeleted:":"true", "version":"1678037738227"}}
{"logTime": "0311/204441", "correlationVector":"q5HUnNGvlnDhYksLc055wa.117","action":"GetUpdates", "result":"DeleteReceived", "context":{"id":"3b0b6efd-9cd0-4377-b8d5-32d47955a1fe", "isDeleted:":"true", "version":"1678037988168"}}
{"logTime": "0311/204441", "correlationVector":"q5HUnNGvlnDhYksLc055wa.118","action":"GetUpdates", "result":"DeleteReceived", "context":{"id":"71d06d1b-ac27-4016-9c00-b79e82907d2d", "isDeleted:":"true", "version":"1678038023480"}}
{"logTime": "0311/204441", "correlationVector":"q5HUnNGvlnDhYksLc055wa.119","action":"GetUpdates", "result":"DeleteReceived", "context":{"id":"4821bafd-4064-469e-8e5e-839caeaa8ef1", "isDeleted:":"true", "version":"1678039080646"}}
{"logTime": "0311/204441", "correlationVector":"q5HUnNGvlnDhYksLc055wa.120","action":"GetUpdates", "result":"DeleteReceived", "context":{"id":"372e10d0-622f-475a-85ff-daf410b1333c", "isDeleted:":"true", "version":"1678039080648"}}
{"logTime": "0311/204441", "correlationVector":"q5HUnNGvlnDhYksLc055wa.121","action":"GetUpdates", "result":"DeleteReceived", "context":{"id":"8b873986-7db5-4779-a865-b5ea48902fd4", "isDeleted:":"true", "version":"1678039080649"}}
{"logTime": "0311/204441", "correlationVector":"q5HUnNGvlnDhYksLc055wa.122","action":"GetUpdates", "result":"DeleteReceived", "context":{"id":"c5668c59-7a5a-4cf5-9f50-8d5ba763d8b3", "isDeleted:":"true", "version":"1678039080650"}}
{"logTime": "0311/204441", "correlationVector":"q5HUnNGvlnDhYksLc055wa.123","action":"GetUpdates", "result":"DeleteReceived", "context":{"id":"31c15181-7017-40eb-9eaf-68aa36721b72", "isDeleted:":"true", "version":"1678077509713"}}
{"logTime": "0311/204441", "correlationVector":"q5HUnNGvlnDhYksLc055wa.124","action":"GetUpdates", "result":"DeleteReceived", "context":{"id":"22f4c53c-fe85-4003-af7e-5537cfc5a198", "isDeleted:":"true", "version":"1678079095578"}}
{"logTime": "0311/204441", "correlationVector":"q5HUnNGvlnDhYksLc055wa.125","action":"GetUpdates", "result":"DeleteReceived", "context":{"id":"1abbfca4-3d93-4eca-9da2-6eb8a43c1119", "isDeleted:":"true", "version":"1678079095579"}}
{"logTime": "0311/204441", "correlationVector":"q5HUnNGvlnDhYksLc055wa.126","action":"GetUpdates", "result":"DeleteReceived", "context":{"id":"340eb31c-3dfa-4ade-b800-f6f7c115f2dd", "isDeleted:":"true", "version":"1678079095580"}}
{"logTime": "0311/204441", "correlationVector":"q5HUnNGvlnDhYksLc055wa.127","action":"GetUpdates", "result":"DeleteReceived", "context":{"id":"da2abe3c-a129-4121-816a-715b53f7301b", "isDeleted:":"true", "version":"1678079361455"}}
{"logTime": "0311/204441", "correlationVector":"q5HUnNGvlnDhYksLc055wa.128","action":"GetUpdates", "result":"DeleteReceived", "context":{"id":"0db35d6d-0132-465f-86aa-5b054cfafbe9", "isDeleted:":"true", "version":"1678081058984"}}
{"logTime": "0311/204441", "correlationVector":"q5HUnNGvlnDhYksLc055wa.129","action":"GetUpdates", "result":"DeleteReceived", "context":{"id":"9c7949a5-f809-4569-bf7d-bebec767883b", "isDeleted:":"true", "version":"1678086698393"}}
{"logTime": "0311/204441", "correlationVector":"q5HUnNGvlnDhYksLc055wa.130","action":"GetUpdates", "result":"DeleteReceived", "context":{"id":"225f8fbe-1b60-4f64-9894-e7555c6b3fe8", "isDeleted:":"true", "version":"1678086698394"}}
{"logTime": "0311/204441", "correlationVector":"q5HUnNGvlnDhYksLc055wa.131","action":"GetUpdates", "result":"DeleteReceived", "context":{"id":"d03c1253-bf2c-477d-b072-ef1c9cb68725", "isDeleted:":"true", "version":"1678086698395"}}
{"logTime": "0311/204441", "correlationVector":"q5HUnNGvlnDhYksLc055wa.132","action":"GetUpdates", "result":"DeleteReceived", "context":{"id":"bfdfc456-1eda-4a31-9da6-a3af82ba746d", "isDeleted:":"true", "version":"1678086698398"}}
{"logTime": "0311/204441", "correlationVector":"q5HUnNGvlnDhYksLc055wa.133","action":"GetUpdates", "result":"DeleteReceived", "context":{"id":"e18948d9-f871-4cff-8cbf-7cc662c8da99", "isDeleted:":"true", "version":"1678086698399"}}
{"logTime": "0311/204441", "correlationVector":"q5HUnNGvlnDhYksLc055wa.134","action":"GetUpdates", "result":"DeleteReceived", "context":{"id":"7f74827e-6c45-4585-b58c-82252e347451", "isDeleted:":"true", "version":"1678086698400"}}
{"logTime": "0311/204441", "correlationVector":"q5HUnNGvlnDhYksLc055wa.135","action":"GetUpdates", "result":"DeleteReceived", "context":{"id":"a13f4c2a-25f4-4dcb-b599-f1c5b3d8ab10", "isDeleted:":"true", "version":"1678087007046"}}
{"logTime": "0311/204441", "correlationVector":"q5HUnNGvlnDhYksLc055wa.136","action":"GetUpdates", "result":"DeleteReceived", "context":{"id":"11fa3820-5dd2-4d53-93bd-c65809c938ec", "isDeleted:":"true", "version":"1678088894361"}}
{"logTime": "0311/204441", "correlationVector":"q5HUnNGvlnDhYksLc055wa.137","action":"GetUpdates", "result":"DeleteReceived", "context":{"id":"f0f4480c-bb33-4829-bcea-a2ac86013c7e", "isDeleted:":"true", "version":"1678089798290"}}
{"logTime": "0311/204441", "correlationVector":"q5HUnNGvlnDhYksLc055wa.138","action":"GetUpdates", "result":"DeleteReceived", "context":{"id":"aa09a3ba-6558-4af0-860c-3635da08858b", "isDeleted:":"true", "version":"1678099294120"}}
{"logTime": "0311/204441", "correlationVector":"q5HUnNGvlnDhYksLc055wa.139","action":"GetUpdates", "result":"DeleteReceived", "context":{"id":"6ed38e61-2996-47d7-a283-6fa077c791de", "isDeleted:":"true", "version":"1678099294123"}}
{"logTime": "0311/204441", "correlationVector":"q5HUnNGvlnDhYksLc055wa.140","action":"GetUpdates", "result":"DeleteReceived", "context":{"id":"10d66f17-f6f1-4555-bc20-e42c0b405327", "isDeleted:":"true", "version":"1678099334489"}}
{"logTime": "0311/204441", "correlationVector":"q5HUnNGvlnDhYksLc055wa.141","action":"GetUpdates", "result":"DeleteReceived", "context":{"id":"f4a80efa-105f-4187-a549-cf2391afac25", "isDeleted:":"true", "version":"1678099334490"}}
{"logTime": "0311/204441", "correlationVector":"q5HUnNGvlnDhYksLc055wa.142","action":"GetUpdates", "result":"DeleteReceived", "context":{"id":"b5384732-cb58-4f6b-854c-ea38f5597878", "isDeleted:":"true", "version":"1678099367700"}}
{"logTime": "0311/204441", "correlationVector":"q5HUnNGvlnDhYksLc055wa.143","action":"GetUpdates", "result":"DeleteReceived", "context":{"id":"decde4b5-7dbb-4f46-a954-8d93ccc2abdd", "isDeleted:":"true", "version":"1678099707717"}}
{"logTime": "0311/204441", "correlationVector":"q5HUnNGvlnDhYksLc055wa.144","action":"GetUpdates", "result":"DeleteReceived", "context":{"id":"d14459ec-139f-4579-a8aa-99643b95ea32", "isDeleted:":"true", "version":"1678099707718"}}
{"logTime": "0311/204441", "correlationVector":"q5HUnNGvlnDhYksLc055wa.145","action":"GetUpdates", "result":"DeleteReceived", "context":{"id":"7f67aeba-dd55-4d25-b4db-43444f434108", "isDeleted:":"true", "version":"1678099707720"}}
{"logTime": "0311/204441", "correlationVector":"q5HUnNGvlnDhYksLc055wa.146","action":"GetUpdates", "result":"DeleteReceived", "context":{"id":"4f56158e-7e31-4749-9a45-b25d3923b4dd", "isDeleted:":"true", "version":"1678099707721"}}
{"logTime": "0311/204441", "correlationVector":"q5HUnNGvlnDhYksLc055wa.147","action":"GetUpdates", "result":"DeleteReceived", "context":{"id":"44174a6a-965f-4896-a07e-b50311cbdc43", "isDeleted:":"true", "version":"1678099707722"}}
{"logTime": "0311/204441", "correlationVector":"q5HUnNGvlnDhYksLc055wa.148","action":"GetUpdates", "result":"DeleteReceived", "context":{"id":"1646b495-580e-4aeb-9b5b-4bad12fe02c1", "isDeleted:":"true", "version":"1678111036038"}}
{"logTime": "0311/204441", "correlationVector":"q5HUnNGvlnDhYksLc055wa.149","action":"GetUpdates", "result":"DeleteReceived", "context":{"id":"0afede06-65ee-402e-b8a5-641c0b3d4dfe", "isDeleted:":"true", "version":"1678111036039"}}
{"logTime": "0311/204441", "correlationVector":"q5HUnNGvlnDhYksLc055wa.150","action":"GetUpdates", "result":"DeleteReceived", "context":{"id":"99e6f97c-e61f-44bf-ab3d-b19835873f2e", "isDeleted:":"true", "version":"1678111036040"}}
{"logTime": "0311/204441", "correlationVector":"q5HUnNGvlnDhYksLc055wa.151","action":"GetUpdates", "result":"DeleteReceived", "context":{"id":"0c0dd462-09f5-4448-925a-f4d477365e73", "isDeleted:":"true", "version":"1678111686728"}}
{"logTime": "0311/204441", "correlationVector":"q5HUnNGvlnDhYksLc055wa.152","action":"GetUpdates", "result":"DeleteReceived", "context":{"id":"2d0e076a-d0e1-4537-9932-e346ca7d1966", "isDeleted:":"true", "version":"1678111835091"}}
{"logTime": "0311/204441", "correlationVector":"q5HUnNGvlnDhYksLc055wa.153","action":"GetUpdates", "result":"DeleteReceived", "context":{"id":"8d5f2d9c-a1b7-49b4-a31e-8b64455f0cd2", "isDeleted:":"true", "version":"1678111835092"}}
{"logTime": "0311/204441", "correlationVector":"q5HUnNGvlnDhYksLc055wa.154","action":"GetUpdates", "result":"DeleteReceived", "context":{"id":"7cdcd2eb-6c0a-403d-b0c8-dcba8ba43430", "isDeleted:":"true", "version":"1678112074446"}}
{"logTime": "0311/204441", "correlationVector":"q5HUnNGvlnDhYksLc055wa.155","action":"GetUpdates", "result":"DeleteReceived", "context":{"id":"c34fe7d2-f018-4cac-abe0-8f87a434259e", "isDeleted:":"true", "version":"1678112074447"}}
{"logTime": "0311/204441", "correlationVector":"q5HUnNGvlnDhYksLc055wa.156","action":"GetUpdates", "result":"DeleteReceived", "context":{"id":"c2bd761b-ed27-4d80-bd46-edbdff3a4c1a", "isDeleted:":"true", "version":"1678112074450"}}
{"logTime": "0311/204441", "correlationVector":"q5HUnNGvlnDhYksLc055wa.157","action":"GetUpdates", "result":"DeleteReceived", "context":{"id":"3c0264e3-4a2d-4e54-9172-684b8ec08bb4", "isDeleted:":"true", "version":"1678112074451"}}
{"logTime": "0311/204441", "correlationVector":"q5HUnNGvlnDhYksLc055wa.158","action":"GetUpdates", "result":"DeleteReceived", "context":{"id":"f63936ff-6539-49af-9977-d61e3d71ecb8", "isDeleted:":"true", "version":"1678112074452"}}
{"logTime": "0311/204441", "correlationVector":"q5HUnNGvlnDhYksLc055wa.159","action":"GetUpdates", "result":"DeleteReceived", "context":{"id":"6c098168-c8cc-4a2c-b6f2-7cb8f112abaf", "isDeleted:":"true", "version":"1678112179207"}}
{"logTime": "0311/204441", "correlationVector":"q5HUnNGvlnDhYksLc055wa.160","action":"GetUpdates", "result":"DeleteReceived", "context":{"id":"b6b7403c-b230-4a8f-9041-537051a26c61", "isDeleted:":"true", "version":"1678112179208"}}
{"logTime": "0311/204441", "correlationVector":"q5HUnNGvlnDhYksLc055wa.161","action":"GetUpdates", "result":"DeleteReceived", "context":{"id":"cc2874c5-204e-4706-a864-2654169e2fe9", "isDeleted:":"true", "version":"1678112370873"}}
{"logTime": "0311/204441", "correlationVector":"q5HUnNGvlnDhYksLc055wa.162","action":"GetUpdates", "result":"DeleteReceived", "context":{"id":"77e0fbbf-2524-499f-a7a9-1b78e1b8be72", "isDeleted:":"true", "version":"1678126345633"}}
{"logTime": "0311/204441", "correlationVector":"q5HUnNGvlnDhYksLc055wa.163","action":"GetUpdates", "result":"DeleteReceived", "context":{"id":"cb9a1ef7-598e-4bac-afec-62fe0eb5dbbc", "isDeleted:":"true", "version":"1678126682267"}}
{"logTime": "0311/204441", "correlationVector":"q5HUnNGvlnDhYksLc055wa.164","action":"GetUpdates", "result":"DeleteReceived", "context":{"id":"17e3b23a-60ef-40d2-a3ef-badcf64ef8a0", "isDeleted:":"true", "version":"1678128480753"}}
{"logTime": "0311/204441", "correlationVector":"q5HUnNGvlnDhYksLc055wa.165","action":"GetUpdates", "result":"DeleteReceived", "context":{"id":"6b4c76f9-d676-47aa-9018-16d14f78eed9", "isDeleted:":"true", "version":"1678206308269"}}
{"logTime": "0311/204441", "correlationVector":"q5HUnNGvlnDhYksLc055wa.166","action":"GetUpdates", "result":"DeleteReceived", "context":{"id":"d8f0fd52-f8e3-4e05-8cd3-05f685a1b54e", "isDeleted:":"true", "version":"1678206308270"}}
{"logTime": "0311/204441", "correlationVector":"q5HUnNGvlnDhYksLc055wa.167","action":"GetUpdates", "result":"DeleteReceived", "context":{"id":"b73702c3-c64d-43c4-948c-3e6b4de5bad3", "isDeleted:":"true", "version":"1678206557653"}}
{"logTime": "0311/204441", "correlationVector":"q5HUnNGvlnDhYksLc055wa.168","action":"GetUpdates", "result":"DeleteReceived", "context":{"id":"ab4de3be-b3ec-4e0d-8e8d-9b6508766ad9", "isDeleted:":"true", "version":"1678209625465"}}
{"logTime": "0311/204441", "correlationVector":"q5HUnNGvlnDhYksLc055wa.169","action":"GetUpdates", "result":"DeleteReceived", "context":{"id":"e5cdf9c3-a7dc-44bc-a123-27ae94e15826", "isDeleted:":"true", "version":"1678209625467"}}
{"logTime": "0311/204441", "correlationVector":"q5HUnNGvlnDhYksLc055wa.170","action":"GetUpdates", "result":"DeleteReceived", "context":{"id":"859aafc7-eafa-44d5-b7b6-5608b5217ddd", "isDeleted:":"true", "version":"1678209736067"}}
{"logTime": "0311/204441", "correlationVector":"q5HUnNGvlnDhYksLc055wa.171","action":"GetUpdates", "result":"DeleteReceived", "context":{"id":"7aca3ecc-89bb-4f06-977c-699609974001", "isDeleted:":"true", "version":"1678281300861"}}
{"logTime": "0311/204441", "correlationVector":"q5HUnNGvlnDhYksLc055wa.172","action":"GetUpdates", "result":"DeleteReceived", "context":{"id":"b50efc18-a1e5-4e7a-8eff-9325d5f43e9b", "isDeleted:":"true", "version":"1678281300863"}}
{"logTime": "0311/204441", "correlationVector":"q5HUnNGvlnDhYksLc055wa.173","action":"GetUpdates", "result":"DeleteReceived", "context":{"id":"63f778b8-b9e6-4b24-a472-8a2dcb7e31e6", "isDeleted:":"true", "version":"1678281300864"}}
{"logTime": "0311/204441", "correlationVector":"q5HUnNGvlnDhYksLc055wa.174","action":"GetUpdates", "result":"DeleteReceived", "context":{"id":"bb2206a0-17b8-4802-84bc-88a48270bcf9", "isDeleted:":"true", "version":"1678281570859"}}
{"logTime": "0311/204441", "correlationVector":"q5HUnNGvlnDhYksLc055wa.175","action":"GetUpdates", "result":"DeleteReceived", "context":{"id":"b4d836d4-f007-41ae-8de4-53002a11bd39", "isDeleted:":"true", "version":"1678281609797"}}
{"logTime": "0311/204441", "correlationVector":"q5HUnNGvlnDhYksLc055wa.176","action":"GetUpdates", "result":"DeleteReceived", "context":{"id":"a2ebf3a1-130c-4776-9ae4-a38ca1c7f035", "isDeleted:":"true", "version":"1678281884622"}}
{"logTime": "0311/204441", "correlationVector":"q5HUnNGvlnDhYksLc055wa.177","action":"GetUpdates", "result":"DeleteReceived", "context":{"id":"7d77522d-0bd3-449c-900d-addce9733825", "isDeleted:":"true", "version":"1678281884624"}}
{"logTime": "0311/204441", "correlationVector":"q5HUnNGvlnDhYksLc055wa.178","action":"GetUpdates", "result":"DeleteReceived", "context":{"id":"49234b94-f8e0-43f1-a4ff-abcb548da1f0", "isDeleted:":"true", "version":"1678281884625"}}
{"logTime": "0311/204441", "correlationVector":"q5HUnNGvlnDhYksLc055wa.179","action":"GetUpdates", "result":"DeleteReceived", "context":{"id":"27e9ea7d-f9fa-4dbe-b6e3-678ac2f07b2a", "isDeleted:":"true", "version":"1678282032184"}}
{"logTime": "0311/204441", "correlationVector":"q5HUnNGvlnDhYksLc055wa.180","action":"GetUpdates", "result":"DeleteReceived", "context":{"id":"81c28a59-e3a8-4616-9f33-e84f55871f17", "isDeleted:":"true", "version":"1678286304706"}}
{"logTime": "0311/204441", "correlationVector":"q5HUnNGvlnDhYksLc055wa.181","action":"GetUpdates", "result":"DeleteReceived", "context":{"id":"512530bf-fd66-4e5d-941f-843af9cc7161", "isDeleted:":"true", "version":"1678286481310"}}
{"logTime": "0311/204441", "correlationVector":"q5HUnNGvlnDhYksLc055wa.182","action":"GetUpdates", "result":"DeleteReceived", "context":{"id":"ac9a6df7-68d4-4a6c-99c6-6a9bff98aafc", "isDeleted:":"true", "version":"1678286481313"}}
{"logTime": "0311/204441", "correlationVector":"q5HUnNGvlnDhYksLc055wa.183","action":"GetUpdates", "result":"DeleteReceived", "context":{"id":"65ba2af2-3c43-49ff-accf-ae2fe7a7e449", "isDeleted:":"true", "version":"1678286512311"}}
{"logTime": "0311/204441", "correlationVector":"q5HUnNGvlnDhYksLc055wa.184","action":"GetUpdates", "result":"DeleteReceived", "context":{"id":"77a554d1-76a2-4d66-bb30-6b651a125d74", "isDeleted:":"true", "version":"1678287065936"}}
{"logTime": "0311/204441", "correlationVector":"q5HUnNGvlnDhYksLc055wa.185","action":"GetUpdates", "result":"DeleteReceived", "context":{"id":"4674232e-a1a4-4f81-92eb-4c8f2da2e582", "isDeleted:":"true", "version":"1678287304010"}}
{"logTime": "0311/204441", "correlationVector":"q5HUnNGvlnDhYksLc055wa.186","action":"GetUpdates", "result":"DeleteReceived", "context":{"id":"1d525b22-7481-49a9-bd11-89540f0b903a", "isDeleted:":"true", "version":"1678298200225"}}
{"logTime": "0311/204441", "correlationVector":"q5HUnNGvlnDhYksLc055wa.187","action":"GetUpdates", "result":"DeleteReceived", "context":{"id":"fdb34fd3-2bad-4c4f-9859-e28436ffb3a7", "isDeleted:":"true", "version":"1678298286637"}}
{"logTime": "0311/204441", "correlationVector":"q5HUnNGvlnDhYksLc055wa.188","action":"GetUpdates", "result":"DeleteReceived", "context":{"id":"bc9dd0ab-c3be-4865-9287-59917dabaa97", "isDeleted:":"true", "version":"1678298357652"}}
{"logTime": "0311/204441", "correlationVector":"q5HUnNGvlnDhYksLc055wa.189","action":"GetUpdates", "result":"DeleteReceived", "context":{"id":"605a363b-0965-4a91-afd6-649deb44011a", "isDeleted:":"true", "version":"1678301427325"}}
{"logTime": "0311/204441", "correlationVector":"q5HUnNGvlnDhYksLc055wa.190","action":"GetUpdates", "result":"DeleteReceived", "context":{"id":"181c7095-20b8-4eb1-8bb0-1ee39c870da5", "isDeleted:":"true", "version":"1678301427326"}}
{"logTime": "0311/204441", "correlationVector":"q5HUnNGvlnDhYksLc055wa.191","action":"GetUpdates", "result":"DeleteReceived", "context":{"id":"9922b60a-f10d-4824-b644-d3abfb48fb1c", "isDeleted:":"true", "version":"1678301427327"}}
{"logTime": "0311/204441", "correlationVector":"q5HUnNGvlnDhYksLc055wa.192","action":"GetUpdates", "result":"DeleteReceived", "context":{"id":"2c4ce7e4-4420-4cc3-87ce-fdad97b57243", "isDeleted:":"true", "version":"1678301427330"}}
{"logTime": "0311/204441", "correlationVector":"q5HUnNGvlnDhYksLc055wa.193","action":"GetUpdates", "result":"DeleteReceived", "context":{"id":"e2899951-b6de-41c1-a664-8e67f9836f32", "isDeleted:":"true", "version":"1678362875982"}}
{"logTime": "0311/204441", "correlationVector":"q5HUnNGvlnDhYksLc055wa.194","action":"GetUpdates", "result":"DeleteReceived", "context":{"id":"b0341d00-3ede-4d9c-9ee0-7e5891b39a22", "isDeleted:":"true", "version":"1678362875987"}}
{"logTime": "0311/204441", "correlationVector":"q5HUnNGvlnDhYksLc055wa.195","action":"GetUpdates", "result":"DeleteReceived", "context":{"id":"2d61f437-dfc6-4a4d-b1dd-862d491b6429", "isDeleted:":"true", "version":"1678362875989"}}
{"logTime": "0311/204441", "correlationVector":"q5HUnNGvlnDhYksLc055wa.196","action":"GetUpdates", "result":"DeleteReceived", "context":{"id":"65b7b052-500b-4312-8d83-c21999ec46fa", "isDeleted:":"true", "version":"1678362875990"}}
{"logTime": "0311/204441", "correlationVector":"q5HUnNGvlnDhYksLc055wa.197","action":"GetUpdates", "result":"DeleteReceived", "context":{"id":"6e8dc0dd-25e6-4ef2-b9e0-4afc945f60f6", "isDeleted:":"true", "version":"1678362908791"}}
{"logTime": "0311/204441", "correlationVector":"q5HUnNGvlnDhYksLc055wa.198","action":"GetUpdates", "result":"DeleteReceived", "context":{"id":"6da309d2-1192-4870-b942-04b8b388e462", "isDeleted:":"true", "version":"1678362908792"}}
{"logTime": "0311/204441", "correlationVector":"q5HUnNGvlnDhYksLc055wa.199","action":"GetUpdates", "result":"DeleteReceived", "context":{"id":"eaaf817e-7ea8-4f82-8975-b1c457f00190", "isDeleted:":"true", "version":"1678362908794"}}
{"logTime": "0311/204441", "correlationVector":"q5HUnNGvlnDhYksLc055wa.200","action":"GetUpdates", "result":"DeleteReceived", "context":{"id":"d86a3cbe-d03a-4ac9-91c3-e8d3fbac508e", "isDeleted:":"true", "version":"1678362908796"}}
{"logTime": "0311/204441", "correlationVector":"q5HUnNGvlnDhYksLc055wa.201","action":"GetUpdates", "result":"DeleteReceived", "context":{"id":"b05b55dc-63f5-4b02-86b9-3647b6c79668", "isDeleted:":"true", "version":"1678363294111"}}
{"logTime": "0311/204441", "correlationVector":"q5HUnNGvlnDhYksLc055wa.202","action":"GetUpdates", "result":"DeleteReceived", "context":{"id":"09cf65fd-74dd-4909-9bbe-e62749ce6f3c", "isDeleted:":"true", "version":"1678364393313"}}
{"logTime": "0311/204441", "correlationVector":"q5HUnNGvlnDhYksLc055wa.203","action":"GetUpdates", "result":"DeleteReceived", "context":{"id":"cae46b32-042c-4807-85fb-ac148d8e8589", "isDeleted:":"true", "version":"1678367931029"}}
{"logTime": "0311/204441", "correlationVector":"q5HUnNGvlnDhYksLc055wa.204","action":"GetUpdates", "result":"DeleteReceived", "context":{"id":"5477b087-c4df-46c4-855b-c36192a97767", "isDeleted:":"true", "version":"1678367931030"}}
{"logTime": "0311/204441", "correlationVector":"q5HUnNGvlnDhYksLc055wa.205","action":"GetUpdates", "result":"DeleteReceived", "context":{"id":"3a6d4271-dbfe-48df-a229-ffea37770f74", "isDeleted:":"true", "version":"1678367931032"}}
{"logTime": "0311/204441", "correlationVector":"q5HUnNGvlnDhYksLc055wa.206","action":"GetUpdates", "result":"DeleteReceived", "context":{"id":"db73c012-b4b6-41bc-903f-3c29e4cafce5", "isDeleted:":"true", "version":"1678375050474"}}
{"logTime": "0311/204441", "correlationVector":"q5HUnNGvlnDhYksLc055wa.207","action":"GetUpdates", "result":"DeleteReceived", "context":{"id":"44808412-504c-46a7-890f-8e35257a1088", "isDeleted:":"true", "version":"1678375050480"}}
{"logTime": "0311/204441", "correlationVector":"q5HUnNGvlnDhYksLc055wa.208","action":"GetUpdates", "result":"DeleteReceived", "context":{"id":"62642964-b16c-488b-b013-ff1d0bfa6c6d", "isDeleted:":"true", "version":"1678375241969"}}
{"logTime": "0311/204441", "correlationVector":"q5HUnNGvlnDhYksLc055wa.209","action":"GetUpdates", "result":"DeleteReceived", "context":{"id":"68ae2a24-a691-4359-9e4d-35a1ddb16171", "isDeleted:":"true", "version":"1678375241970"}}
{"logTime": "0311/204441", "correlationVector":"q5HUnNGvlnDhYksLc055wa.210","action":"GetUpdates", "result":"DeleteReceived", "context":{"id":"00d85f9b-fcfe-4d52-8d00-a1236fa5d748", "isDeleted:":"true", "version":"1678375241971"}}
{"logTime": "0311/204441", "correlationVector":"q5HUnNGvlnDhYksLc055wa.211","action":"GetUpdates", "result":"DeleteReceived", "context":{"id":"0a4ff703-ea25-49d9-b77f-a89c4dade6ce", "isDeleted:":"true", "version":"1678375241972"}}
{"logTime": "0311/204441", "correlationVector":"q5HUnNGvlnDhYksLc055wa.212","action":"GetUpdates", "result":"DeleteReceived", "context":{"id":"def306ff-7bac-482c-a2e8-c3a9241fb6e9", "isDeleted:":"true", "version":"1678379370186"}}
{"logTime": "0311/204441", "correlationVector":"q5HUnNGvlnDhYksLc055wa.213","action":"GetUpdates", "result":"DeleteReceived", "context":{"id":"6230f58f-fbf9-44e3-ac87-c325f1df6592", "isDeleted:":"true", "version":"1678379370188"}}
{"logTime": "0311/204441", "correlationVector":"q5HUnNGvlnDhYksLc055wa.214","action":"GetUpdates", "result":"DeleteReceived", "context":{"id":"22ca3955-972a-46a8-bfc6-a2c7cd4a6034", "isDeleted:":"true", "version":"1678379513371"}}
{"logTime": "0311/204441", "correlationVector":"q5HUnNGvlnDhYksLc055wa.215","action":"GetUpdates", "result":"DeleteReceived", "context":{"id":"fcde482b-6fdc-4078-8d4b-857d01b9328b", "isDeleted:":"true", "version":"1678379658859"}}
{"logTime": "0311/204441", "correlationVector":"q5HUnNGvlnDhYksLc055wa.216","action":"GetUpdates", "result":"DeleteReceived", "context":{"id":"af737255-2be3-41e4-8fd2-1aded7404bd3", "isDeleted:":"true", "version":"1678379658862"}}
{"logTime": "0311/204441", "correlationVector":"q5HUnNGvlnDhYksLc055wa.217","action":"GetUpdates Response", "result":"SERVER_MORE_TO_DOWNLOAD", "context":Received 250 update(s).  Some updates remain.}
{"logTime": "0311/204441", "correlationVector":"1cnh4wQ5iFpp71lPv2GRK+","action":"Normal GetUpdate request", "result":"", "context":cV=1cnh4wQ5iFpp71lPv2GRK+
Notified types: Typed URLs}
{"logTime": "0311/204441", "correlationVector":"1cnh4wQ5iFpp71lPv2GRK+.1","action":"SyncServerConnectionManagerRequest", "result":"SYNC_SERVER_OK", "context":{"environment":"Prod_SoutheastAsia_000j", "server":"general01000012"}}
{"logTime": "0311/204441", "correlationVector":"1cnh4wQ5iFpp71lPv2GRK+.2","action":"GetUpdates", "result":"DeleteReceived", "context":{"id":"c3b13c7b-5d40-4851-99ce-a69c51da0ddf", "isDeleted:":"true", "version":"1678379658863"}}
{"logTime": "0311/204441", "correlationVector":"1cnh4wQ5iFpp71lPv2GRK+.3","action":"GetUpdates", "result":"DeleteReceived", "context":{"id":"9b55773d-1db4-4218-86cc-ddfd77337b76", "isDeleted:":"true", "version":"1678386838711"}}
{"logTime": "0311/204441", "correlationVector":"1cnh4wQ5iFpp71lPv2GRK+.4","action":"GetUpdates", "result":"DeleteReceived", "context":{"id":"938e73f9-c5a3-4400-9202-317073221f52", "isDeleted:":"true", "version":"1678386838713"}}
{"logTime": "0311/204441", "correlationVector":"1cnh4wQ5iFpp71lPv2GRK+.5","action":"GetUpdates", "result":"DeleteReceived", "context":{"id":"bbd50356-2eea-409d-83c1-ec0186680f84", "isDeleted:":"true", "version":"1678386963491"}}
{"logTime": "0311/204441", "correlationVector":"1cnh4wQ5iFpp71lPv2GRK+.6","action":"GetUpdates", "result":"DeleteReceived", "context":{"id":"ff56e1f9-0558-4b15-b773-7047ba286363", "isDeleted:":"true", "version":"1678387153467"}}
{"logTime": "0311/204441", "correlationVector":"1cnh4wQ5iFpp71lPv2GRK+.7","action":"GetUpdates", "result":"DeleteReceived", "context":{"id":"52bc18a2-0082-4b69-a2c2-548b15cf8354", "isDeleted:":"true", "version":"1678441767074"}}
{"logTime": "0311/204441", "correlationVector":"1cnh4wQ5iFpp71lPv2GRK+.8","action":"GetUpdates", "result":"DeleteReceived", "context":{"id":"dafbf13c-bc54-4e44-9661-eceebd1eb773", "isDeleted:":"true", "version":"1678441767076"}}
{"logTime": "0311/204441", "correlationVector":"1cnh4wQ5iFpp71lPv2GRK+.9","action":"GetUpdates", "result":"DeleteReceived", "context":{"id":"8e8783f3-73e8-4e72-96db-fa24118777f0", "isDeleted:":"true", "version":"1678441767077"}}
{"logTime": "0311/204441", "correlationVector":"1cnh4wQ5iFpp71lPv2GRK+.10","action":"GetUpdates", "result":"DeleteReceived", "context":{"id":"c9d33030-4617-487a-9a6b-0c06cf1a81c7", "isDeleted:":"true", "version":"1678441767078"}}
{"logTime": "0311/204441", "correlationVector":"1cnh4wQ5iFpp71lPv2GRK+.11","action":"GetUpdates", "result":"DeleteReceived", "context":{"id":"71429c59-c8db-4c4a-90fd-75d8f42df50e", "isDeleted:":"true", "version":"1678441767080"}}
{"logTime": "0311/204441", "correlationVector":"1cnh4wQ5iFpp71lPv2GRK+.12","action":"GetUpdates", "result":"DeleteReceived", "context":{"id":"7b2850d2-f183-484e-9e59-3cd56d2c4234", "isDeleted:":"true", "version":"1678443358104"}}
{"logTime": "0311/204441", "correlationVector":"1cnh4wQ5iFpp71lPv2GRK+.13","action":"GetUpdates", "result":"DeleteReceived", "context":{"id":"09160cdc-7b81-4f68-82e7-4350edc69a5d", "isDeleted:":"true", "version":"1678443740522"}}
{"logTime": "0311/204441", "correlationVector":"1cnh4wQ5iFpp71lPv2GRK+.14","action":"GetUpdates", "result":"DeleteReceived", "context":{"id":"fbcd62e4-33b0-460a-aef0-4a0363d3f54a", "isDeleted:":"true", "version":"1678452506115"}}
{"logTime": "0311/204441", "correlationVector":"1cnh4wQ5iFpp71lPv2GRK+.15","action":"GetUpdates", "result":"DeleteReceived", "context":{"id":"5a746e58-708d-4890-9535-db8e5a6e87ef", "isDeleted:":"true", "version":"1678452704330"}}
{"logTime": "0311/204441", "correlationVector":"1cnh4wQ5iFpp71lPv2GRK+.16","action":"GetUpdates", "result":"DeleteReceived", "context":{"id":"02911167-fcd7-4966-9c02-f84618b3c5c9", "isDeleted:":"true", "version":"1678452704331"}}
{"logTime": "0311/204441", "correlationVector":"1cnh4wQ5iFpp71lPv2GRK+.17","action":"GetUpdates", "result":"DeleteReceived", "context":{"id":"dd5088cf-ee7d-42a3-977e-7267c7567089", "isDeleted:":"true", "version":"1678454678916"}}
{"logTime": "0311/204441", "correlationVector":"1cnh4wQ5iFpp71lPv2GRK+.18","action":"GetUpdates", "result":"DeleteReceived", "context":{"id":"9f258f4f-4333-4f28-9218-2aebd38020fa", "isDeleted:":"true", "version":"1678454678919"}}
{"logTime": "0311/204441", "correlationVector":"1cnh4wQ5iFpp71lPv2GRK+.19","action":"GetUpdates", "result":"DeleteReceived", "context":{"id":"9bc5a9c9-c513-4e7f-aba3-84dfbd518d8d", "isDeleted:":"true", "version":"1678454678921"}}
{"logTime": "0311/204441", "correlationVector":"1cnh4wQ5iFpp71lPv2GRK+.20","action":"GetUpdates", "result":"DeleteReceived", "context":{"id":"9e271071-3791-47b3-b6fa-7b638b14f544", "isDeleted:":"true", "version":"1678455319348"}}
{"logTime": "0311/204441", "correlationVector":"1cnh4wQ5iFpp71lPv2GRK+.21","action":"GetUpdates", "result":"DeleteReceived", "context":{"id":"15fe5d67-0d5b-4e1a-b0c5-5614a827ab15", "isDeleted:":"true", "version":"1678455479248"}}
{"logTime": "0311/204441", "correlationVector":"1cnh4wQ5iFpp71lPv2GRK+.22","action":"GetUpdates", "result":"DeleteReceived", "context":{"id":"fdf77f7a-033d-4a98-bbcf-3e53d1406909", "isDeleted:":"true", "version":"1678456769394"}}
{"logTime": "0311/204441", "correlationVector":"1cnh4wQ5iFpp71lPv2GRK+.23","action":"GetUpdates", "result":"DeleteReceived", "context":{"id":"802e52e9-4f6a-4cdb-8298-c9c411af1055", "isDeleted:":"true", "version":"1678457385623"}}
{"logTime": "0311/204441", "correlationVector":"1cnh4wQ5iFpp71lPv2GRK+.24","action":"GetUpdates", "result":"DeleteReceived", "context":{"id":"b3938a3e-b1d1-4749-b5bb-40bab799ca5f", "isDeleted:":"true", "version":"1678457885794"}}
{"logTime": "0311/204441", "correlationVector":"1cnh4wQ5iFpp71lPv2GRK+.25","action":"GetUpdates", "result":"DeleteReceived", "context":{"id":"fec70043-9d3b-40ec-a690-7399fa3903cf", "isDeleted:":"true", "version":"1678457885796"}}
{"logTime": "0311/204441", "correlationVector":"1cnh4wQ5iFpp71lPv2GRK+.26","action":"GetUpdates", "result":"DeleteReceived", "context":{"id":"46baebc2-257c-4b93-9a46-e59dcf087f00", "isDeleted:":"true", "version":"1678457885797"}}
{"logTime": "0311/204441", "correlationVector":"1cnh4wQ5iFpp71lPv2GRK+.27","action":"GetUpdates", "result":"DeleteReceived", "context":{"id":"c4670120-7cc5-4477-a3b5-89c4691d4196", "isDeleted:":"true", "version":"1678474033930"}}
{"logTime": "0311/204441", "correlationVector":"1cnh4wQ5iFpp71lPv2GRK+.28","action":"GetUpdates", "result":"DeleteReceived", "context":{"id":"0e367ee8-da25-475d-b0cd-ed1e2b04e2db", "isDeleted:":"true", "version":"1678474033931"}}
{"logTime": "0311/204441", "correlationVector":"1cnh4wQ5iFpp71lPv2GRK+.29","action":"GetUpdates", "result":"DeleteReceived", "context":{"id":"fda12c5d-fd82-4b58-9640-4893e77d6a77", "isDeleted:":"true", "version":"1678474033933"}}
{"logTime": "0311/204441", "correlationVector":"1cnh4wQ5iFpp71lPv2GRK+.30","action":"GetUpdates", "result":"DeleteReceived", "context":{"id":"dea9b9be-f2a1-480e-89ae-4179c5acfcb5", "isDeleted:":"true", "version":"1678508625629"}}
{"logTime": "0311/204441", "correlationVector":"1cnh4wQ5iFpp71lPv2GRK+.31","action":"GetUpdates", "result":"DeleteReceived", "context":{"id":"5f3d65a3-799b-4d5a-b7db-2bf22ea4a041", "isDeleted:":"true", "version":"1678508625630"}}
{"logTime": "0311/204441", "correlationVector":"1cnh4wQ5iFpp71lPv2GRK+.32","action":"GetUpdates", "result":"DeleteReceived", "context":{"id":"d2ef3d31-5fc4-4e95-9945-237950dfa471", "isDeleted:":"true", "version":"1678508625631"}}
{"logTime": "0311/204441", "correlationVector":"1cnh4wQ5iFpp71lPv2GRK+.33","action":"GetUpdates", "result":"DeleteReceived", "context":{"id":"cbc45bf3-a6f5-45f7-821e-430a65ea9f1f", "isDeleted:":"true", "version":"1678508770309"}}
{"logTime": "0311/204441", "correlationVector":"1cnh4wQ5iFpp71lPv2GRK+.34","action":"GetUpdates", "result":"DeleteReceived", "context":{"id":"5b5c92ef-a818-4de7-90c3-4c082d07ee8a", "isDeleted:":"true", "version":"1678511924754"}}
{"logTime": "0311/204441", "correlationVector":"1cnh4wQ5iFpp71lPv2GRK+.35","action":"GetUpdates", "result":"DeleteReceived", "context":{"id":"2134eb2e-4171-414e-9b7b-2e9e6ff4f6d1", "isDeleted:":"true", "version":"1678528429786"}}
{"logTime": "0311/204441", "correlationVector":"1cnh4wQ5iFpp71lPv2GRK+.36","action":"GetUpdates", "result":"DeleteReceived", "context":{"id":"d8decf5e-16dd-4dbd-8285-588ed253974d", "isDeleted:":"true", "version":"1678528429787"}}
{"logTime": "0311/204441", "correlationVector":"1cnh4wQ5iFpp71lPv2GRK+.37","action":"GetUpdates", "result":"DeleteReceived", "context":{"id":"1d969ebe-7384-4b99-a252-2c460607f7a3", "isDeleted:":"true", "version":"1678528429788"}}
{"logTime": "0311/204441", "correlationVector":"1cnh4wQ5iFpp71lPv2GRK+.38","action":"GetUpdates", "result":"DeleteReceived", "context":{"id":"b32fc92a-a18f-4374-ab1b-dc996249a445", "isDeleted:":"true", "version":"1678529429064"}}
{"logTime": "0311/204441", "correlationVector":"1cnh4wQ5iFpp71lPv2GRK+.39","action":"GetUpdates", "result":"DeleteReceived", "context":{"id":"137af55b-72f2-4a67-ba0c-d06f9c64cc18", "isDeleted:":"true", "version":"1678529501380"}}
{"logTime": "0311/204441", "correlationVector":"1cnh4wQ5iFpp71lPv2GRK+.40","action":"GetUpdates", "result":"DeleteReceived", "context":{"id":"64797ec2-30bb-497b-bd04-0705117087d4", "isDeleted:":"true", "version":"1678529913266"}}
{"logTime": "0311/204441", "correlationVector":"1cnh4wQ5iFpp71lPv2GRK+.41","action":"GetUpdates", "result":"DeleteReceived", "context":{"id":"cbb5db11-9be0-40fe-9fd5-7af8b6be35bf", "isDeleted:":"true", "version":"1678529913269"}}
{"logTime": "0311/204441", "correlationVector":"1cnh4wQ5iFpp71lPv2GRK+.42","action":"GetUpdates", "result":"DeleteReceived", "context":{"id":"dd5b153b-effb-42fa-9e7d-3235a78910e1", "isDeleted:":"true", "version":"1678531027969"}}
{"logTime": "0311/204441", "correlationVector":"1cnh4wQ5iFpp71lPv2GRK+.43","action":"GetUpdates", "result":"DeleteReceived", "context":{"id":"86433a1b-177c-4ba8-833b-3ab5488e3422", "isDeleted:":"true", "version":"1678531027971"}}
{"logTime": "0311/204441", "correlationVector":"1cnh4wQ5iFpp71lPv2GRK+.44","action":"GetUpdates", "result":"DeleteReceived", "context":{"id":"cd57c969-4c46-493a-b8bc-e6db3b14e450", "isDeleted:":"true", "version":"1678543680341"}}
{"logTime": "0311/204441", "correlationVector":"1cnh4wQ5iFpp71lPv2GRK+.45","action":"GetUpdates", "result":"DeleteReceived", "context":{"id":"cd67c563-c8ea-4203-8ab5-a09a0c2c5c80", "isDeleted:":"true", "version":"1678543680344"}}
{"logTime": "0311/204441", "correlationVector":"1cnh4wQ5iFpp71lPv2GRK+.46","action":"GetUpdates", "result":"DeleteReceived", "context":{"id":"bf75c9e9-2c57-471d-9588-afd81dad8e4c", "isDeleted:":"true", "version":"1678543680345"}}
{"logTime": "0311/204441", "correlationVector":"1cnh4wQ5iFpp71lPv2GRK+.47","action":"GetUpdates", "result":"DeleteReceived", "context":{"id":"0e7ce553-c068-48e7-8bf7-3d23c9378318", "isDeleted:":"true", "version":"1678544579071"}}
{"logTime": "0311/204441", "correlationVector":"1cnh4wQ5iFpp71lPv2GRK+.48","action":"GetUpdates", "result":"DeleteReceived", "context":{"id":"05325178-b829-452f-9a4a-8d650d81f354", "isDeleted:":"true", "version":"1678544579072"}}
{"logTime": "0311/204441", "correlationVector":"1cnh4wQ5iFpp71lPv2GRK+.49","action":"GetUpdates", "result":"DeleteReceived", "context":{"id":"8e5ab9e2-39fa-4767-bfce-1f2fe5911f34", "isDeleted:":"true", "version":"1678545213225"}}
{"logTime": "0311/204441", "correlationVector":"1cnh4wQ5iFpp71lPv2GRK+.50","action":"GetUpdates", "result":"DeleteReceived", "context":{"id":"1838cc56-dca1-4bd3-aec2-a1eef19fcfe9", "isDeleted:":"true", "version":"1678546363645"}}
{"logTime": "0311/204441", "correlationVector":"1cnh4wQ5iFpp71lPv2GRK+.51","action":"GetUpdates", "result":"DeleteReceived", "context":{"id":"5d0eb14a-4090-4162-bc05-40346dc7070a", "isDeleted:":"true", "version":"1678546952977"}}
{"logTime": "0311/204441", "correlationVector":"1cnh4wQ5iFpp71lPv2GRK+.52","action":"GetUpdates", "result":"DeleteReceived", "context":{"id":"7547b4b0-0f91-4652-b20a-b4605417fad6", "isDeleted:":"true", "version":"1678547067093"}}
{"logTime": "0311/204441", "correlationVector":"1cnh4wQ5iFpp71lPv2GRK+.53","action":"GetUpdates", "result":"DeleteReceived", "context":{"id":"e258bef7-0267-4b3c-8f8d-24d98b8d08b2", "isDeleted:":"true", "version":"1678554162678"}}
{"logTime": "0311/204441", "correlationVector":"1cnh4wQ5iFpp71lPv2GRK+.54","action":"GetUpdates", "result":"DeleteReceived", "context":{"id":"b0572bde-f2de-4a51-953f-7ff454f47954", "isDeleted:":"true", "version":"1678554373944"}}
{"logTime": "0311/204441", "correlationVector":"1cnh4wQ5iFpp71lPv2GRK+.55","action":"GetUpdates", "result":"DeleteReceived", "context":{"id":"8bbf1a77-0ae6-4527-bfe3-779836963cbd", "isDeleted:":"true", "version":"1678554373945"}}
{"logTime": "0311/204441", "correlationVector":"1cnh4wQ5iFpp71lPv2GRK+.56","action":"GetUpdates", "result":"DeleteReceived", "context":{"id":"ce49eae4-32e2-4b9d-bb10-dd0dc602bfa5", "isDeleted:":"true", "version":"1678554373946"}}
{"logTime": "0311/204441", "correlationVector":"1cnh4wQ5iFpp71lPv2GRK+.57","action":"GetUpdates", "result":"DeleteReceived", "context":{"id":"3bffb9d5-6f0c-412e-8f7d-ec1ae2906502", "isDeleted:":"true", "version":"1678555581547"}}
{"logTime": "0311/204441", "correlationVector":"1cnh4wQ5iFpp71lPv2GRK+.58","action":"GetUpdates", "result":"DeleteReceived", "context":{"id":"891a764f-5bf8-4a0b-8408-79e46e28cbc1", "isDeleted:":"true", "version":"1678556121398"}}
{"logTime": "0311/204441", "correlationVector":"1cnh4wQ5iFpp71lPv2GRK+.59","action":"GetUpdates", "result":"DeleteReceived", "context":{"id":"26945590-2d5e-468e-b041-fb0c5d946559", "isDeleted:":"true", "version":"1678557114029"}}
{"logTime": "0311/204441", "correlationVector":"1cnh4wQ5iFpp71lPv2GRK+.60","action":"GetUpdates", "result":"DeleteReceived", "context":{"id":"551453cd-9245-4cc2-bba3-0688c01ee0ee", "isDeleted:":"true", "version":"1678557221781"}}
{"logTime": "0311/204441", "correlationVector":"1cnh4wQ5iFpp71lPv2GRK+.61","action":"GetUpdates", "result":"DeleteReceived", "context":{"id":"f9092bd6-6bb6-4d21-a71a-2263a4920216", "isDeleted:":"true", "version":"1678557326588"}}
{"logTime": "0311/204441", "correlationVector":"1cnh4wQ5iFpp71lPv2GRK+.62","action":"GetUpdates", "result":"DeleteReceived", "context":{"id":"060a5e74-bc5a-40a1-9a48-3156b5c4cdf4", "isDeleted:":"true", "version":"1678557326589"}}
{"logTime": "0311/204441", "correlationVector":"1cnh4wQ5iFpp71lPv2GRK+.63","action":"GetUpdates", "result":"DeleteReceived", "context":{"id":"f0196760-bcd3-4d71-accd-cbcc2e37d5f8", "isDeleted:":"true", "version":"1678558909078"}}
{"logTime": "0311/204441", "correlationVector":"1cnh4wQ5iFpp71lPv2GRK+.64","action":"GetUpdates", "result":"DeleteReceived", "context":{"id":"4b90bb8f-a2a1-453b-9b46-0df5b99b5090", "isDeleted:":"true", "version":"1678559369600"}}
{"logTime": "0311/204441", "correlationVector":"1cnh4wQ5iFpp71lPv2GRK+.65","action":"GetUpdates", "result":"DeleteReceived", "context":{"id":"1c418e8d-1e2c-497b-b588-908c681775cc", "isDeleted:":"true", "version":"1678559984854"}}
{"logTime": "0311/204441", "correlationVector":"1cnh4wQ5iFpp71lPv2GRK+.66","action":"GetUpdates", "result":"DeleteReceived", "context":{"id":"37fab7cd-76ed-4e10-9012-1cf1055c214d", "isDeleted:":"true", "version":"1678562634786"}}
{"logTime": "0311/204441", "correlationVector":"1cnh4wQ5iFpp71lPv2GRK+.67","action":"GetUpdates", "result":"DeleteReceived", "context":{"id":"be5f97f1-ae22-47a2-beac-a8579ef0ddd8", "isDeleted:":"true", "version":"1678562634788"}}
{"logTime": "0311/204441", "correlationVector":"1cnh4wQ5iFpp71lPv2GRK+.68","action":"GetUpdates", "result":"DeleteReceived", "context":{"id":"f6c08c9b-aa69-48cc-8e88-fb29fd94eb49", "isDeleted:":"true", "version":"1678562634789"}}
{"logTime": "0311/204441", "correlationVector":"1cnh4wQ5iFpp71lPv2GRK+.69","action":"GetUpdates", "result":"DeleteReceived", "context":{"id":"8b03e60d-3fa0-4bd3-aa5a-ab3811c08f0a", "isDeleted:":"true", "version":"1678564587505"}}
{"logTime": "0311/204441", "correlationVector":"1cnh4wQ5iFpp71lPv2GRK+.70","action":"GetUpdates", "result":"DeleteReceived", "context":{"id":"a24d3caa-2101-41c3-9a03-2634db4f0cdf", "isDeleted:":"true", "version":"1678564888024"}}
{"logTime": "0311/204441", "correlationVector":"1cnh4wQ5iFpp71lPv2GRK+.71","action":"GetUpdates", "result":"DeleteReceived", "context":{"id":"057c9b47-717c-4337-ba8d-258ba0472d33", "isDeleted:":"true", "version":"1678565801338"}}
{"logTime": "0311/204441", "correlationVector":"1cnh4wQ5iFpp71lPv2GRK+.72","action":"GetUpdates", "result":"DeleteReceived", "context":{"id":"638130a2-eec1-4c3e-8451-7b1ef0d6cb65", "isDeleted:":"true", "version":"1678566038190"}}
{"logTime": "0311/204441", "correlationVector":"1cnh4wQ5iFpp71lPv2GRK+.73","action":"GetUpdates", "result":"DeleteReceived", "context":{"id":"8f1fe9e9-1342-40a9-8682-171f431ac07a", "isDeleted:":"true", "version":"1678566038192"}}
{"logTime": "0311/204441", "correlationVector":"1cnh4wQ5iFpp71lPv2GRK+.74","action":"GetUpdates", "result":"DeleteReceived", "context":{"id":"ccfe2d06-fbd9-4c7d-b46b-77912c16dce9", "isDeleted:":"true", "version":"1678566038194"}}
{"logTime": "0311/204441", "correlationVector":"1cnh4wQ5iFpp71lPv2GRK+.75","action":"GetUpdates", "result":"DeleteReceived", "context":{"id":"8ddc49a6-65f7-4f52-96ba-734971578d96", "isDeleted:":"true", "version":"1678566038195"}}
{"logTime": "0311/204441", "correlationVector":"1cnh4wQ5iFpp71lPv2GRK+.76","action":"GetUpdates", "result":"DeleteReceived", "context":{"id":"a433d186-d45d-4e1f-b0b3-b3e2d3ff8410", "isDeleted:":"true", "version":"1678566427193"}}
{"logTime": "0311/204441", "correlationVector":"1cnh4wQ5iFpp71lPv2GRK+.77","action":"GetUpdates", "result":"DeleteReceived", "context":{"id":"a2ac0b21-d9ca-43f7-9bd4-e5ad953af820", "isDeleted:":"true", "version":"1678566896412"}}
{"logTime": "0311/204441", "correlationVector":"1cnh4wQ5iFpp71lPv2GRK+.78","action":"GetUpdates", "result":"DeleteReceived", "context":{"id":"2fe40d59-c1b3-4288-9ab4-587fa9c270ce", "isDeleted:":"true", "version":"1678567335426"}}
{"logTime": "0311/204441", "correlationVector":"1cnh4wQ5iFpp71lPv2GRK+.79","action":"GetUpdates Response", "result":"SYNCER_OK", "context":Received 118 update(s). cV=1cnh4wQ5iFpp71lPv2GRK+.0;server=general01000012;cloudType=Consumer;environment=Prod_SoutheastAsia_000j;migrationStage=NotStarted}
{"logTime": "0311/210337", "correlationVector":"eIQUgsXwILBfzQoPDPuLJ4","action":"Commit Request", "result":"", "context":Item count: 2
Contributing types: Sessions}
{"logTime": "0311/210337", "correlationVector":"eIQUgsXwILBfzQoPDPuLJ4.1","action":"SyncServerConnectionManagerRequest", "result":"SYNC_SERVER_OK", "context":{"environment":"Prod_SoutheastAsia_000j", "server":"general0100000S"}}
{"logTime": "0311/210337", "correlationVector":"eIQUgsXwILBfzQoPDPuLJ4.3","action":"Commit.Sessions", "result":"Success", "context":{"id":"52e9a12d-5944-439f-93d3-fff667d40e84", "isDeleted":"true", "size":"0", "version":"1678567452755"}}
{"logTime": "0311/210337", "correlationVector":"eIQUgsXwILBfzQoPDPuLJ4.2","action":"Commit Response", "result":"SYNCER_OK", "context":Result: SYNCER_OK. cV=eIQUgsXwILBfzQoPDPuLJ4.0;server=general0100000S;cloudType=Consumer;environment=Prod_SoutheastAsia_000j;migrationStage=NotStarted}
{"logTime": "0311/210934", "correlationVector":"sRhSVaxpjotiN0GZGlWlGS","action":"Commit Request", "result":"", "context":Item count: 1
Contributing types: Sessions}
{"logTime": "0311/210935", "correlationVector":"sRhSVaxpjotiN0GZGlWlGS.1","action":"SyncServerConnectionManagerRequest", "result":"SYNC_SERVER_OK", "context":{"environment":"Prod_SoutheastAsia_000j", "server":"general0100000H"}}
{"logTime": "0311/210935", "correlationVector":"sRhSVaxpjotiN0GZGlWlGS.2","action":"Commit Response", "result":"SYNCER_OK", "context":Result: SYNCER_OK. cV=sRhSVaxpjotiN0GZGlWlGS.0;server=general0100000H;cloudType=Consumer;environment=Prod_SoutheastAsia_000j;migrationStage=NotStarted}
